{"/mnt/ironwolf8tb/moreillon/dev/node/nenkyuu_calendar/index.ts":{"path":"/mnt/ironwolf8tb/moreillon/dev/node/nenkyuu_calendar/index.ts","statementMap":{"0":{"start":{"line":2,"column":22},"end":{"line":4,"column":1}},"1":{"start":{"line":3,"column":4},"end":{"line":3,"column":62}},"2":{"start":{"line":5,"column":0},"end":{"line":5,"column":62}},"3":{"start":{"line":6,"column":17},"end":{"line":6,"column":51}},"4":{"start":{"line":7,"column":0},"end":{"line":7,"column":26}},"5":{"start":{"line":8,"column":18},"end":{"line":8,"column":53}},"6":{"start":{"line":9,"column":0},"end":{"line":9,"column":32}},"7":{"start":{"line":10,"column":15},"end":{"line":10,"column":47}},"8":{"start":{"line":11,"column":30},"end":{"line":11,"column":77}},"9":{"start":{"line":12,"column":23},"end":{"line":12,"column":48}},"10":{"start":{"line":13,"column":44},"end":{"line":13,"column":116}},"11":{"start":{"line":14,"column":13},"end":{"line":14,"column":28}},"12":{"start":{"line":15,"column":18},"end":{"line":15,"column":62}},"13":{"start":{"line":16,"column":18},"end":{"line":16,"column":50}},"14":{"start":{"line":17,"column":29},"end":{"line":17,"column":75}},"15":{"start":{"line":18,"column":30},"end":{"line":18,"column":79}},"16":{"start":{"line":19,"column":20},"end":{"line":19,"column":42}},"17":{"start":{"line":20,"column":84},"end":{"line":20,"column":95}},"18":{"start":{"line":21,"column":20},"end":{"line":21,"column":62}},"19":{"start":{"line":22,"column":0},"end":{"line":22,"column":20}},"20":{"start":{"line":23,"column":20},"end":{"line":25,"column":1}},"21":{"start":{"line":26,"column":12},"end":{"line":26,"column":36}},"22":{"start":{"line":27,"column":0},"end":{"line":27,"column":34}},"23":{"start":{"line":28,"column":0},"end":{"line":28,"column":42}},"24":{"start":{"line":29,"column":0},"end":{"line":29,"column":57}},"25":{"start":{"line":30,"column":0},"end":{"line":30,"column":120}},"26":{"start":{"line":31,"column":0},"end":{"line":45,"column":3}},"27":{"start":{"line":32,"column":4},"end":{"line":44,"column":7}},"28":{"start":{"line":47,"column":0},"end":{"line":50,"column":1}},"29":{"start":{"line":48,"column":25},"end":{"line":48,"column":52}},"30":{"start":{"line":49,"column":4},"end":{"line":49,"column":76}},"31":{"start":{"line":51,"column":0},"end":{"line":51,"column":75}},"32":{"start":{"line":52,"column":0},"end":{"line":52,"column":101}},"33":{"start":{"line":53,"column":0},"end":{"line":53,"column":39}},"34":{"start":{"line":54,"column":0},"end":{"line":56,"column":3}},"35":{"start":{"line":55,"column":4},"end":{"line":55,"column":59}},"36":{"start":{"line":57,"column":0},"end":{"line":63,"column":3}},"37":{"start":{"line":58,"column":4},"end":{"line":58,"column":25}},"38":{"start":{"line":59,"column":48},"end":{"line":59,"column":53}},"39":{"start":{"line":60,"column":4},"end":{"line":61,"column":25}},"40":{"start":{"line":61,"column":8},"end":{"line":61,"column":25}},"41":{"start":{"line":62,"column":4},"end":{"line":62,"column":41}},"42":{"start":{"line":65,"column":0},"end":{"line":65,"column":22}}},"fnMap":{"0":{"name":"(anonymous_0)","decl":{"start":{"line":2,"column":56},"end":{"line":2,"column":57}},"loc":{"start":{"line":2,"column":71},"end":{"line":4,"column":1}},"line":2},"1":{"name":"(anonymous_1)","decl":{"start":{"line":31,"column":13},"end":{"line":31,"column":14}},"loc":{"start":{"line":31,"column":27},"end":{"line":45,"column":1}},"line":31},"2":{"name":"(anonymous_2)","decl":{"start":{"line":54,"column":21},"end":{"line":54,"column":22}},"loc":{"start":{"line":54,"column":27},"end":{"line":56,"column":1}},"line":54},"3":{"name":"(anonymous_3)","decl":{"start":{"line":57,"column":8},"end":{"line":57,"column":9}},"loc":{"start":{"line":57,"column":35},"end":{"line":63,"column":1}},"line":57}},"branchMap":{"0":{"loc":{"start":{"line":2,"column":22},"end":{"line":4,"column":1}},"type":"binary-expr","locations":[{"start":{"line":2,"column":23},"end":{"line":2,"column":27}},{"start":{"line":2,"column":31},"end":{"line":2,"column":51}},{"start":{"line":2,"column":56},"end":{"line":4,"column":1}}],"line":2},"1":{"loc":{"start":{"line":3,"column":11},"end":{"line":3,"column":61}},"type":"cond-expr","locations":[{"start":{"line":3,"column":37},"end":{"line":3,"column":40}},{"start":{"line":3,"column":43},"end":{"line":3,"column":61}}],"line":3},"2":{"loc":{"start":{"line":3,"column":12},"end":{"line":3,"column":33}},"type":"binary-expr","locations":[{"start":{"line":3,"column":12},"end":{"line":3,"column":15}},{"start":{"line":3,"column":19},"end":{"line":3,"column":33}}],"line":3},"3":{"loc":{"start":{"line":20,"column":8},"end":{"line":20,"column":21}},"type":"default-arg","locations":[{"start":{"line":20,"column":19},"end":{"line":20,"column":21}}],"line":20},"4":{"loc":{"start":{"line":20,"column":43},"end":{"line":20,"column":78}},"type":"default-arg","locations":[{"start":{"line":20,"column":67},"end":{"line":20,"column":78}}],"line":20},"5":{"loc":{"start":{"line":37,"column":32},"end":{"line":37,"column":61}},"type":"binary-expr","locations":[{"start":{"line":37,"column":32},"end":{"line":37,"column":50}},{"start":{"line":37,"column":54},"end":{"line":37,"column":61}}],"line":37},"6":{"loc":{"start":{"line":47,"column":0},"end":{"line":50,"column":1}},"type":"if","locations":[{"start":{"line":47,"column":0},"end":{"line":50,"column":1}},{"start":{"line":47,"column":0},"end":{"line":50,"column":1}}],"line":47},"7":{"loc":{"start":{"line":59,"column":10},"end":{"line":59,"column":26}},"type":"default-arg","locations":[{"start":{"line":59,"column":23},"end":{"line":59,"column":26}}],"line":59},"8":{"loc":{"start":{"line":59,"column":28},"end":{"line":59,"column":43}},"type":"default-arg","locations":[{"start":{"line":59,"column":38},"end":{"line":59,"column":43}}],"line":59},"9":{"loc":{"start":{"line":60,"column":4},"end":{"line":61,"column":25}},"type":"if","locations":[{"start":{"line":60,"column":4},"end":{"line":61,"column":25}},{"start":{"line":60,"column":4},"end":{"line":61,"column":25}}],"line":60},"10":{"loc":{"start":{"line":60,"column":8},"end":{"line":60,"column":45}},"type":"binary-expr","locations":[{"start":{"line":60,"column":8},"end":{"line":60,"column":25}},{"start":{"line":60,"column":29},"end":{"line":60,"column":45}}],"line":60}},"s":{"0":1,"1":8,"2":1,"3":1,"4":1,"5":1,"6":1,"7":1,"8":1,"9":1,"10":1,"11":1,"12":1,"13":1,"14":1,"15":1,"16":1,"17":1,"18":1,"19":1,"20":1,"21":1,"22":1,"23":1,"24":1,"25":1,"26":1,"27":0,"28":1,"29":1,"30":1,"31":1,"32":1,"33":1,"34":1,"35":1,"36":1,"37":1,"38":1,"39":1,"40":0,"41":1,"42":1},"f":{"0":8,"1":0,"2":1,"3":1},"b":{"0":[1,1,1],"1":[1,7],"2":[8,8],"3":[0],"4":[0],"5":[0,0],"6":[1,0],"7":[0],"8":[0],"9":[0,1],"10":[1,1]},"inputSourceMap":{"version":3,"file":"/mnt/ironwolf8tb/moreillon/dev/node/nenkyuu_calendar/index.ts","sources":["/mnt/ironwolf8tb/moreillon/dev/node/nenkyuu_calendar/index.ts"],"names":[],"mappings":";;;;;AAAA,oDAA2B;AAC3B,gBAAM,CAAC,MAAM,EAAE,CAAA;AACf,sDAA6B;AAC7B,gCAA6B;AAC7B,gDAAuB;AACvB,8EAA4C;AAC5C,iDAAgD;AAChD,qHAA+D;AAC/D,6BAIa;AACb,+DAA6C;AAC7C,mDAI8B;AAC9B,4EAA0C;AAC1C,gFAAmD;AAEnD,2CAA0C;AAE1C,MAAM,EACJ,QAAQ,GAAG,EAAE,EACb,kBAAkB,EAClB,qBAAqB,GAAG,WAAW,GACpC,GAAG,OAAO,CAAC,GAAG,CAAA;AAEf,MAAM,WAAW,GAAG,EAAE,aAAa,EAAE,IAAI,EAAE,WAAW,EAAE,IAAI,EAAE,CAAA;AAE9D,IAAA,YAAS,GAAE,CAAA;AAEX,MAAM,WAAW,GAAG;IAClB,cAAc,EAAE,wBAAY;CAC7B,CAAA;AAED,MAAM,GAAG,GAAG,IAAA,iBAAO,GAAE,CAAA;AAErB,GAAG,CAAC,GAAG,CAAC,iBAAO,CAAC,IAAI,EAAE,CAAC,CAAA;AACvB,GAAG,CAAC,GAAG,CAAC,IAAA,cAAI,EAAC,WAAW,CAAC,CAAC,CAAA;AAC1B,GAAG,CAAC,GAAG,CAAC,IAAA,6BAAU,EAAC,WAAW,CAAC,CAAC,CAAA;AAChC,GAAG,CAAC,GAAG,CAAC,OAAO,EAAE,4BAAS,CAAC,KAAK,EAAE,4BAAS,CAAC,KAAK,CAAC,6BAAe,CAAC,CAAC,CAAA;AAEnE,GAAG,CAAC,GAAG,CAAC,GAAG,EAAE,CAAC,GAAY,EAAE,GAAa,EAAE,EAAE;IAC3C,GAAG,CAAC,IAAI,CAAC;QACP,gBAAgB,EAAE,sBAAsB;QACxC,MAAM,EAAN,qBAAM;QACN,OAAO,EAAP,sBAAO;QACP,IAAI,EAAE;YACJ,kBAAkB,EAAE,kBAAkB,IAAI,OAAO;SAClD;QACD,qBAAqB,EAAE,qBAAqB;QAC5C,OAAO,EAAE;YACP,GAAG,EAAE,6BAAwB;YAC7B,SAAS,EAAE,IAAA,cAAW,GAAE;SACzB;KACF,CAAC,CAAA;AACJ,CAAC,CAAC,CAAA;AAEF,uCAAuC;AACvC,IAAI,kBAAkB,EAAE;IACtB,MAAM,YAAY,GAAG,EAAE,GAAG,EAAE,kBAAkB,EAAE,CAAA;IAChD,GAAG,CAAC,GAAG,CAAC,IAAA,2CAAI,EAAC,YAAY,CAAC,CAAC,CAAA;CAC5B;AAED,GAAG,CAAC,KAAK,CAAC,2BAA2B,CAAC,CAAC,GAAG,CAAC,8BAAoB,CAAC,CAAA;AAEhE,GAAG,CAAC,KAAK,CAAC,yBAAyB,CAAC,CAAC,GAAG,CAAC,6BAAmB,CAAC,CAAC,IAAI,CAAC,sBAAY,CAAC,CAAA;AAEhF,GAAG,CAAC,GAAG,CAAC,UAAU,EAAE,iBAAc,CAAC,CAAA;AAEnC,GAAG,CAAC,MAAM,CAAC,QAAQ,EAAE,GAAG,EAAE;IACxB,OAAO,CAAC,GAAG,CAAC,+BAA+B,QAAQ,EAAE,CAAC,CAAA;AACxD,CAAC,CAAC,CAAA;AAEF,GAAG,CAAC,GAAG,CAAC,CAAC,KAAU,EAAE,GAAY,EAAE,GAAa,EAAE,IAAkB,EAAE,EAAE;IACtE,OAAO,CAAC,KAAK,CAAC,KAAK,CAAC,CAAA;IACpB,IAAI,EAAE,UAAU,GAAG,GAAG,EAAE,OAAO,GAAG,KAAK,EAAE,GAAG,KAAK,CAAA;IACjD,IAAI,KAAK,CAAC,UAAU,CAAC,IAAI,UAAU,GAAG,GAAG;QAAE,UAAU,GAAG,GAAG,CAAA;IAC3D,GAAG,CAAC,MAAM,CAAC,UAAU,CAAC,CAAC,IAAI,CAAC,OAAO,CAAC,CAAA;AACtC,CAAC,CAAC,CAAA;AAEF,qBAAqB;AACrB,kBAAe,GAAG,CAAA","sourcesContent":["import dotenv from \"dotenv\"\r\ndotenv.config()\r\nimport express from \"express\"\r\nimport \"express-async-errors\"\r\nimport cors from \"cors\"\r\nimport promBundle from \"express-prom-bundle\"\r\nimport { author, version } from \"./package.json\"\r\nimport auth from \"@moreillon/express_identification_middleware\"\r\nimport {\r\n  redactedConnectionString,\r\n  connect as dbConnect,\r\n  connected as dbConnected,\r\n} from \"./db\"\r\nimport entries_router from \"./routes/entries\"\r\nimport {\r\n  get_entries_of_group,\r\n  get_entries_of_user,\r\n  create_entry,\r\n} from \"./controllers/entries\"\r\nimport swaggerUi from \"swagger-ui-express\"\r\nimport swaggerDocument from \"./swagger-output.json\"\r\nimport { Request, Response, NextFunction } from \"express\"\r\nimport { TOTAL_HEADER } from \"./constants\"\r\n\r\nconst {\r\n  APP_PORT = 80,\r\n  IDENTIFICATION_URL,\r\n  GROUP_MANAGER_API_URL = \"UNDEFINED\",\r\n} = process.env\r\n\r\nconst promOptions = { includeMethod: true, includePath: true }\r\n\r\ndbConnect()\r\n\r\nconst corsOptions = {\r\n  exposedHeaders: TOTAL_HEADER,\r\n}\r\n\r\nconst app = express()\r\n\r\napp.use(express.json())\r\napp.use(cors(corsOptions))\r\napp.use(promBundle(promOptions))\r\napp.use(\"/docs\", swaggerUi.serve, swaggerUi.setup(swaggerDocument))\r\n\r\napp.get(\"/\", (req: Request, res: Response) => {\r\n  res.send({\r\n    application_name: \"Nenkyuu Calendar API\",\r\n    author,\r\n    version,\r\n    auth: {\r\n      identification_url: IDENTIFICATION_URL || \"Unset\",\r\n    },\r\n    group_manager_api_url: GROUP_MANAGER_API_URL,\r\n    mongodb: {\r\n      url: redactedConnectionString,\r\n      connected: dbConnected(),\r\n    },\r\n  })\r\n})\r\n\r\n// Authenticate everything from here on\r\nif (IDENTIFICATION_URL) {\r\n  const auth_options = { url: IDENTIFICATION_URL }\r\n  app.use(auth(auth_options))\r\n}\r\n\r\napp.route(\"/groups/:group_id/entries\").get(get_entries_of_group)\r\n\r\napp.route(\"/users/:user_id/entries\").get(get_entries_of_user).post(create_entry)\r\n\r\napp.use(\"/entries\", entries_router)\r\n\r\napp.listen(APP_PORT, () => {\r\n  console.log(`[Express] listening on port ${APP_PORT}`)\r\n})\r\n\r\napp.use((error: any, req: Request, res: Response, next: NextFunction) => {\r\n  console.error(error)\r\n  let { statusCode = 500, message = error } = error\r\n  if (isNaN(statusCode) || statusCode > 600) statusCode = 500\r\n  res.status(statusCode).send(message)\r\n})\r\n\r\n// Export app for TDD\r\nexport default app\r\n"]},"_coverageSchema":"1a1c01bbd47fc00a2c39e90264f33305004495a9","hash":"3add556cf8e14ae2c6e754cc47586e6d432a0d7a","contentHash":"88b3020d9713880f6b54e1729e1c12ee3a6ac0aa5e18950ebd11a468344fbf39"},"/mnt/ironwolf8tb/moreillon/dev/node/nenkyuu_calendar/db.ts":{"path":"/mnt/ironwolf8tb/moreillon/dev/node/nenkyuu_calendar/db.ts","statementMap":{"0":{"start":{"line":2,"column":22},"end":{"line":4,"column":1}},"1":{"start":{"line":3,"column":4},"end":{"line":3,"column":62}},"2":{"start":{"line":6,"column":0},"end":{"line":6,"column":62}},"3":{"start":{"line":7,"column":0},"end":{"line":7,"column":290}},"4":{"start":{"line":8,"column":19},"end":{"line":8,"column":55}},"5":{"start":{"line":9,"column":0},"end":{"line":9,"column":541}},"6":{"start":{"line":10,"column":20},"end":{"line":10,"column":74}},"7":{"start":{"line":11,"column":25},"end":{"line":14,"column":128}},"8":{"start":{"line":15,"column":0},"end":{"line":15,"column":83}},"9":{"start":{"line":16,"column":24},"end":{"line":19,"column":1}},"10":{"start":{"line":20,"column":0},"end":{"line":20,"column":47}},"11":{"start":{"line":21,"column":16},"end":{"line":33,"column":1}},"12":{"start":{"line":22,"column":4},"end":{"line":22,"column":90}},"13":{"start":{"line":23,"column":4},"end":{"line":32,"column":7}},"14":{"start":{"line":26,"column":8},"end":{"line":26,"column":64}},"15":{"start":{"line":29,"column":8},"end":{"line":29,"column":73}},"16":{"start":{"line":30,"column":8},"end":{"line":30,"column":29}},"17":{"start":{"line":31,"column":8},"end":{"line":31,"column":42}},"18":{"start":{"line":34,"column":0},"end":{"line":34,"column":26}},"19":{"start":{"line":35,"column":18},"end":{"line":35,"column":64}},"20":{"start":{"line":35,"column":24},"end":{"line":35,"column":64}},"21":{"start":{"line":36,"column":0},"end":{"line":36,"column":30}}},"fnMap":{"0":{"name":"(anonymous_0)","decl":{"start":{"line":2,"column":56},"end":{"line":2,"column":57}},"loc":{"start":{"line":2,"column":71},"end":{"line":4,"column":1}},"line":2},"1":{"name":"(anonymous_1)","decl":{"start":{"line":21,"column":16},"end":{"line":21,"column":17}},"loc":{"start":{"line":21,"column":22},"end":{"line":33,"column":1}},"line":21},"2":{"name":"(anonymous_2)","decl":{"start":{"line":25,"column":14},"end":{"line":25,"column":15}},"loc":{"start":{"line":25,"column":20},"end":{"line":27,"column":5}},"line":25},"3":{"name":"(anonymous_3)","decl":{"start":{"line":28,"column":15},"end":{"line":28,"column":16}},"loc":{"start":{"line":28,"column":26},"end":{"line":32,"column":5}},"line":28},"4":{"name":"(anonymous_4)","decl":{"start":{"line":35,"column":18},"end":{"line":35,"column":19}},"loc":{"start":{"line":35,"column":24},"end":{"line":35,"column":64}},"line":35}},"branchMap":{"0":{"loc":{"start":{"line":2,"column":22},"end":{"line":4,"column":1}},"type":"binary-expr","locations":[{"start":{"line":2,"column":23},"end":{"line":2,"column":27}},{"start":{"line":2,"column":31},"end":{"line":2,"column":51}},{"start":{"line":2,"column":56},"end":{"line":4,"column":1}}],"line":2},"1":{"loc":{"start":{"line":3,"column":11},"end":{"line":3,"column":61}},"type":"cond-expr","locations":[{"start":{"line":3,"column":37},"end":{"line":3,"column":40}},{"start":{"line":3,"column":43},"end":{"line":3,"column":61}}],"line":3},"2":{"loc":{"start":{"line":3,"column":12},"end":{"line":3,"column":33}},"type":"binary-expr","locations":[{"start":{"line":3,"column":12},"end":{"line":3,"column":15}},{"start":{"line":3,"column":19},"end":{"line":3,"column":33}}],"line":3},"3":{"loc":{"start":{"line":9,"column":137},"end":{"line":9,"column":167}},"type":"cond-expr","locations":[{"start":{"line":9,"column":153},"end":{"line":9,"column":162}},{"start":{"line":9,"column":165},"end":{"line":9,"column":167}}],"line":9},"4":{"loc":{"start":{"line":9,"column":310},"end":{"line":9,"column":342}},"type":"cond-expr","locations":[{"start":{"line":9,"column":326},"end":{"line":9,"column":337}},{"start":{"line":9,"column":340},"end":{"line":9,"column":342}}],"line":9},"5":{"loc":{"start":{"line":9,"column":425},"end":{"line":9,"column":464}},"type":"cond-expr","locations":[{"start":{"line":9,"column":441},"end":{"line":9,"column":459}},{"start":{"line":9,"column":462},"end":{"line":9,"column":464}}],"line":9},"6":{"loc":{"start":{"line":9,"column":517},"end":{"line":9,"column":540}},"type":"cond-expr","locations":[{"start":{"line":9,"column":533},"end":{"line":9,"column":535}},{"start":{"line":9,"column":538},"end":{"line":9,"column":540}}],"line":9},"7":{"loc":{"start":{"line":10,"column":20},"end":{"line":10,"column":74}},"type":"cond-expr","locations":[{"start":{"line":10,"column":43},"end":{"line":10,"column":69}},{"start":{"line":10,"column":72},"end":{"line":10,"column":74}}],"line":10},"8":{"loc":{"start":{"line":11,"column":25},"end":{"line":14,"column":128}},"type":"binary-expr","locations":[{"start":{"line":11,"column":25},"end":{"line":11,"column":58}},{"start":{"line":12,"column":5},"end":{"line":14,"column":127}}],"line":11},"9":{"loc":{"start":{"line":12,"column":5},"end":{"line":14,"column":127}},"type":"cond-expr","locations":[{"start":{"line":13,"column":10},"end":{"line":13,"column":183}},{"start":{"line":14,"column":10},"end":{"line":14,"column":127}}],"line":12},"10":{"loc":{"start":{"line":12,"column":5},"end":{"line":12,"column":57}},"type":"binary-expr","locations":[{"start":{"line":12,"column":5},"end":{"line":12,"column":29}},{"start":{"line":12,"column":33},"end":{"line":12,"column":57}}],"line":12}},"s":{"0":1,"1":1,"2":1,"3":1,"4":1,"5":1,"6":1,"7":1,"8":1,"9":1,"10":1,"11":1,"12":1,"13":1,"14":1,"15":0,"16":0,"17":0,"18":1,"19":1,"20":0,"21":1},"f":{"0":1,"1":1,"2":1,"3":0,"4":0},"b":{"0":[1,1,1],"1":[0,1],"2":[1,1],"3":[1,0],"4":[0,1],"5":[0,1],"6":[1,0],"7":[1,0],"8":[1,1],"9":[0,1],"10":[1,0]},"inputSourceMap":{"version":3,"file":"/mnt/ironwolf8tb/moreillon/dev/node/nenkyuu_calendar/db.ts","sources":["/mnt/ironwolf8tb/moreillon/dev/node/nenkyuu_calendar/db.ts"],"names":[],"mappings":";;;;;;;AAAA,wDAA+B;AAElB,KAST,OAAO,CAAC,GAAG,EARb,iCAAyB,iCACzB,wBAA4B,EAA5B,wBAAgB,mBAAG,SAAS,OAC5B,wBAAgB,wBAChB,wBAAgB,wBAChB,oBAA0B,EAA1B,oBAAY,mBAAG,WAAW,OAC1B,oBAAY,oBACZ,kBAA+B,EAA/B,kBAAU,mBAAG,kBAAkB,OAC/B,uBAAoB,EAApB,uBAAe,mBAAG,EAAE,MACP;AAEf,MAAM,WAAW,GAAG,oBAAY,CAAC,CAAC,CAAC,IAAI,oBAAY,EAAE,CAAC,CAAC,CAAC,EAAE,CAAA;AAE1D,MAAM,gBAAgB,GACpB,iCAAyB;IACzB,CAAC,wBAAgB,IAAI,wBAAgB;QACnC,CAAC,CAAC,GAAG,wBAAgB,MAAM,wBAAgB,IAAI,wBAAgB,IAAI,oBAAY,GAAG,WAAW,IAAI,kBAAU,GAAG,uBAAe,EAAE;QAC/H,CAAC,CAAC,GAAG,wBAAgB,MAAM,oBAAY,GAAG,WAAW,IAAI,kBAAU,GAAG,uBAAe,EAAE,CAAC,CAAA;AAE/E,QAAA,wBAAwB,GAAG,gBAAgB,CAAC,OAAO,CAC9D,MAAM,EACN,aAAa,CACd,CAAA;AAED,MAAM,eAAe,GAAG;IACtB,kBAAkB,EAAE,IAAI;IACxB,eAAe,EAAE,IAAI;CACtB,CAAA;AAED,kBAAQ,CAAC,GAAG,CAAC,gBAAgB,EAAE,IAAI,CAAC,CAAA;AAE7B,MAAM,OAAO,GAAG,GAAG,EAAE;IAC1B,OAAO,CAAC,GAAG,CAAC,sCAAsC,gCAAwB,EAAE,CAAC,CAAA;IAE7E,kBAAQ;SACL,OAAO,CAAC,gBAAgB,EAAE,eAAe,CAAC;SAC1C,IAAI,CAAC,GAAG,EAAE;QACT,OAAO,CAAC,GAAG,CAAC,0CAA0C,CAAC,CAAA;IACzD,CAAC,CAAC;SACD,KAAK,CAAC,CAAC,KAAY,EAAE,EAAE;QACtB,OAAO,CAAC,GAAG,CAAC,mDAAmD,CAAC,CAAA;QAChE,OAAO,CAAC,KAAK,CAAC,KAAK,CAAC,CAAA;QACpB,UAAU,CAAC,eAAO,EAAE,IAAI,CAAC,CAAA;IAC3B,CAAC,CAAC,CAAA;AACN,CAAC,CAAA;AAbY,QAAA,OAAO,WAanB;AAEM,MAAM,SAAS,GAAG,GAAG,EAAE,CAAC,kBAAQ,CAAC,UAAU,CAAC,UAAU,CAAA;AAAhD,QAAA,SAAS,aAAuC","sourcesContent":["import mongoose from \"mongoose\"\r\n\r\nexport const {\r\n  MONGODB_CONNECTION_STRING,\r\n  MONGODB_PROTOCOL = \"mongodb\",\r\n  MONGODB_USERNAME,\r\n  MONGODB_PASSWORD,\r\n  MONGODB_HOST = \"localhost\",\r\n  MONGODB_PORT,\r\n  MONGODB_DB = \"nenkyuu_calendar\",\r\n  MONGODB_OPTIONS = \"\",\r\n} = process.env\r\n\r\nconst mongodbPort = MONGODB_PORT ? `:${MONGODB_PORT}` : \"\"\r\n\r\nconst connectionString =\r\n  MONGODB_CONNECTION_STRING ||\r\n  (MONGODB_USERNAME && MONGODB_PASSWORD\r\n    ? `${MONGODB_PROTOCOL}://${MONGODB_USERNAME}:${MONGODB_PASSWORD}@${MONGODB_HOST}${mongodbPort}/${MONGODB_DB}${MONGODB_OPTIONS}`\r\n    : `${MONGODB_PROTOCOL}://${MONGODB_HOST}${mongodbPort}/${MONGODB_DB}${MONGODB_OPTIONS}`)\r\n\r\nexport const redactedConnectionString = connectionString.replace(\r\n  /:.*@/,\r\n  \"://***:***@\"\r\n)\r\n\r\nconst mongodb_options = {\r\n  useUnifiedTopology: true,\r\n  useNewUrlParser: true,\r\n}\r\n\r\nmongoose.set(\"useCreateIndex\", true)\r\n\r\nexport const connect = () => {\r\n  console.log(`[MongoDB] Attempting connection to ${redactedConnectionString}`)\r\n\r\n  mongoose\r\n    .connect(connectionString, mongodb_options)\r\n    .then(() => {\r\n      console.log(\"[Mongoose] Initial connection successful\")\r\n    })\r\n    .catch((error: Error) => {\r\n      console.log(\"[Mongoose] Initial connection failed, retrying...\")\r\n      console.error(error)\r\n      setTimeout(connect, 5000)\r\n    })\r\n}\r\n\r\nexport const connected = () => mongoose.connection.readyState\r\n"]},"_coverageSchema":"1a1c01bbd47fc00a2c39e90264f33305004495a9","hash":"dc4eff6d89ee292b19cab0fb5700709ce988bb23","contentHash":"dedc738bcb07d2e8088bf07cb540fcd875944786cb67973511ab7015f501a63a"},"/mnt/ironwolf8tb/moreillon/dev/node/nenkyuu_calendar/routes/entries.ts":{"path":"/mnt/ironwolf8tb/moreillon/dev/node/nenkyuu_calendar/routes/entries.ts","statementMap":{"0":{"start":{"line":2,"column":0},"end":{"line":2,"column":62}},"1":{"start":{"line":3,"column":18},"end":{"line":3,"column":36}},"2":{"start":{"line":4,"column":18},"end":{"line":4,"column":51}},"3":{"start":{"line":5,"column":15},"end":{"line":5,"column":38}},"4":{"start":{"line":6,"column":0},"end":{"line":11,"column":38}},"5":{"start":{"line":12,"column":0},"end":{"line":16,"column":36}},"6":{"start":{"line":17,"column":0},"end":{"line":17,"column":25}}},"fnMap":{},"branchMap":{},"s":{"0":1,"1":1,"2":1,"3":1,"4":1,"5":1,"6":1},"f":{},"b":{},"inputSourceMap":{"version":3,"file":"/mnt/ironwolf8tb/moreillon/dev/node/nenkyuu_calendar/routes/entries.ts","sources":["/mnt/ironwolf8tb/moreillon/dev/node/nenkyuu_calendar/routes/entries.ts"],"names":[],"mappings":";;AAAA,qCAA8B;AAC9B,oDAQ+B;AAE/B,MAAM,MAAM,GAAG,IAAA,gBAAM,GAAE,CAAA;AAEvB,MAAM,CAAC,KAAK,CAAC,GAAG,CAAC;KACd,GAAG,CAAC,yBAAe,CAAC;KACpB,IAAI,CAAC,wBAAc,CAAC;KACpB,GAAG,CAAC,wBAAc,CAAC;KACnB,KAAK,CAAC,wBAAc,CAAC;KACrB,MAAM,CAAC,wBAAc,CAAC,CAAA;AAEzB,MAAM,CAAC,KAAK,CAAC,OAAO,CAAC;KAClB,GAAG,CAAC,0BAAgB,CAAC;KACrB,GAAG,CAAC,sBAAY,CAAC;KACjB,KAAK,CAAC,sBAAY,CAAC;KACnB,MAAM,CAAC,sBAAY,CAAC,CAAA;AAEvB,kBAAe,MAAM,CAAA","sourcesContent":["import {Router} from 'express'\r\nimport {\r\n  get_all_entries,\r\n  get_single_entry,\r\n  update_entry,\r\n  update_entries,\r\n  delete_entry,\r\n  delete_entries,\r\n  create_entries,\r\n} from '../controllers/entries'\r\n\r\nconst router = Router()\r\n\r\nrouter.route('/')\r\n  .get(get_all_entries)\r\n  .post(create_entries)\r\n  .put(update_entries)\r\n  .patch(update_entries)\r\n  .delete(delete_entries)\r\n\r\nrouter.route('/:_id')\r\n  .get(get_single_entry)\r\n  .put(update_entry)\r\n  .patch(update_entry)\r\n  .delete(delete_entry)\r\n\r\nexport default router"]},"_coverageSchema":"1a1c01bbd47fc00a2c39e90264f33305004495a9","hash":"8070b7587607391e23d79c7f64fa64fc8390f630","contentHash":"502cf3bad5be2dd844c0a6fe5a1e65fd175c1083d37c166e93ae9e4f68d56147"},"/mnt/ironwolf8tb/moreillon/dev/node/nenkyuu_calendar/controllers/entries.ts":{"path":"/mnt/ironwolf8tb/moreillon/dev/node/nenkyuu_calendar/controllers/entries.ts","statementMap":{"0":{"start":{"line":2,"column":16},"end":{"line":10,"column":1}},"1":{"start":{"line":3,"column":28},"end":{"line":3,"column":110}},"2":{"start":{"line":3,"column":91},"end":{"line":3,"column":106}},"3":{"start":{"line":4,"column":4},"end":{"line":9,"column":7}},"4":{"start":{"line":5,"column":36},"end":{"line":5,"column":97}},"5":{"start":{"line":5,"column":42},"end":{"line":5,"column":70}},"6":{"start":{"line":5,"column":85},"end":{"line":5,"column":95}},"7":{"start":{"line":6,"column":35},"end":{"line":6,"column":100}},"8":{"start":{"line":6,"column":41},"end":{"line":6,"column":73}},"9":{"start":{"line":6,"column":88},"end":{"line":6,"column":98}},"10":{"start":{"line":7,"column":32},"end":{"line":7,"column":116}},"11":{"start":{"line":8,"column":8},"end":{"line":8,"column":78}},"12":{"start":{"line":11,"column":22},"end":{"line":13,"column":1}},"13":{"start":{"line":12,"column":4},"end":{"line":12,"column":62}},"14":{"start":{"line":14,"column":0},"end":{"line":14,"column":62}},"15":{"start":{"line":15,"column":0},"end":{"line":15,"column":265}},"16":{"start":{"line":16,"column":16},"end":{"line":16,"column":49}},"17":{"start":{"line":17,"column":16},"end":{"line":17,"column":59}},"18":{"start":{"line":18,"column":22},"end":{"line":18,"column":61}},"19":{"start":{"line":19,"column":16},"end":{"line":19,"column":35}},"20":{"start":{"line":20,"column":19},"end":{"line":20,"column":55}},"21":{"start":{"line":21,"column":20},"end":{"line":21,"column":43}},"22":{"start":{"line":22,"column":34},"end":{"line":22,"column":45}},"23":{"start":{"line":24,"column":21},"end":{"line":24,"column":31}},"24":{"start":{"line":25,"column":4},"end":{"line":25,"column":40}},"25":{"start":{"line":27,"column":28},"end":{"line":41,"column":2}},"26":{"start":{"line":27,"column":42},"end":{"line":41,"column":2}},"27":{"start":{"line":28,"column":18},"end":{"line":28,"column":36}},"28":{"start":{"line":29,"column":4},"end":{"line":30,"column":43}},"29":{"start":{"line":30,"column":8},"end":{"line":30,"column":43}},"30":{"start":{"line":31,"column":4},"end":{"line":32,"column":70}},"31":{"start":{"line":32,"column":8},"end":{"line":32,"column":70}},"32":{"start":{"line":33,"column":71},"end":{"line":33,"column":80}},"33":{"start":{"line":34,"column":26},"end":{"line":36,"column":35}},"34":{"start":{"line":37,"column":24},"end":{"line":37,"column":81}},"35":{"start":{"line":38,"column":18},"end":{"line":38,"column":79}},"36":{"start":{"line":39,"column":20},"end":{"line":39,"column":66}},"37":{"start":{"line":40,"column":4},"end":{"line":40,"column":22}},"38":{"start":{"line":42,"column":0},"end":{"line":42,"column":50}},"39":{"start":{"line":43,"column":21},"end":{"line":66,"column":2}},"40":{"start":{"line":43,"column":35},"end":{"line":66,"column":2}},"41":{"start":{"line":44,"column":107},"end":{"line":44,"column":115}},"42":{"start":{"line":45,"column":18},"end":{"line":45,"column":36}},"43":{"start":{"line":46,"column":4},"end":{"line":47,"column":43}},"44":{"start":{"line":47,"column":8},"end":{"line":47,"column":43}},"45":{"start":{"line":48,"column":4},"end":{"line":49,"column":70}},"46":{"start":{"line":49,"column":8},"end":{"line":49,"column":70}},"47":{"start":{"line":50,"column":4},"end":{"line":51,"column":67}},"48":{"start":{"line":51,"column":8},"end":{"line":51,"column":67}},"49":{"start":{"line":52,"column":29},"end":{"line":61,"column":5}},"50":{"start":{"line":62,"column":19},"end":{"line":62,"column":36}},"51":{"start":{"line":63,"column":20},"end":{"line":63,"column":47}},"52":{"start":{"line":64,"column":18},"end":{"line":64,"column":91}},"53":{"start":{"line":65,"column":4},"end":{"line":65,"column":20}},"54":{"start":{"line":67,"column":0},"end":{"line":67,"column":36}},"55":{"start":{"line":68,"column":23},"end":{"line":76,"column":2}},"56":{"start":{"line":68,"column":37},"end":{"line":76,"column":2}},"57":{"start":{"line":69,"column":20},"end":{"line":69,"column":28}},"58":{"start":{"line":70,"column":4},"end":{"line":71,"column":70}},"59":{"start":{"line":70,"column":38},"end":{"line":70,"column":46}},"60":{"start":{"line":71,"column":8},"end":{"line":71,"column":70}},"61":{"start":{"line":72,"column":4},"end":{"line":73,"column":70}},"62":{"start":{"line":72,"column":35},"end":{"line":72,"column":40}},"63":{"start":{"line":73,"column":8},"end":{"line":73,"column":70}},"64":{"start":{"line":74,"column":19},"end":{"line":74,"column":60}},"65":{"start":{"line":75,"column":4},"end":{"line":75,"column":21}},"66":{"start":{"line":77,"column":0},"end":{"line":77,"column":40}},"67":{"start":{"line":78,"column":25},"end":{"line":84,"column":2}},"68":{"start":{"line":78,"column":39},"end":{"line":84,"column":2}},"69":{"start":{"line":79,"column":20},"end":{"line":79,"column":30}},"70":{"start":{"line":80,"column":4},"end":{"line":81,"column":68}},"71":{"start":{"line":81,"column":8},"end":{"line":81,"column":68}},"72":{"start":{"line":82,"column":18},"end":{"line":82,"column":53}},"73":{"start":{"line":83,"column":4},"end":{"line":83,"column":20}},"74":{"start":{"line":85,"column":0},"end":{"line":85,"column":44}},"75":{"start":{"line":86,"column":24},"end":{"line":110,"column":2}},"76":{"start":{"line":86,"column":38},"end":{"line":110,"column":2}},"77":{"start":{"line":87,"column":131},"end":{"line":87,"column":140}},"78":{"start":{"line":88,"column":26},"end":{"line":90,"column":35}},"79":{"start":{"line":91,"column":24},"end":{"line":91,"column":81}},"80":{"start":{"line":92,"column":18},"end":{"line":94,"column":5}},"81":{"start":{"line":95,"column":4},"end":{"line":96,"column":61}},"82":{"start":{"line":96,"column":8},"end":{"line":96,"column":61}},"83":{"start":{"line":96,"column":47},"end":{"line":96,"column":58}},"84":{"start":{"line":97,"column":20},"end":{"line":99,"column":42}},"85":{"start":{"line":100,"column":18},"end":{"line":100,"column":61}},"86":{"start":{"line":101,"column":21},"end":{"line":108,"column":5}},"87":{"start":{"line":109,"column":4},"end":{"line":109,"column":23}},"88":{"start":{"line":111,"column":0},"end":{"line":111,"column":42}},"89":{"start":{"line":112,"column":21},"end":{"line":118,"column":2}},"90":{"start":{"line":112,"column":35},"end":{"line":118,"column":2}},"91":{"start":{"line":113,"column":20},"end":{"line":113,"column":30}},"92":{"start":{"line":114,"column":4},"end":{"line":115,"column":68}},"93":{"start":{"line":115,"column":8},"end":{"line":115,"column":68}},"94":{"start":{"line":116,"column":19},"end":{"line":116,"column":69}},"95":{"start":{"line":117,"column":4},"end":{"line":117,"column":21}},"96":{"start":{"line":119,"column":0},"end":{"line":119,"column":36}},"97":{"start":{"line":120,"column":23},"end":{"line":147,"column":2}},"98":{"start":{"line":120,"column":37},"end":{"line":147,"column":2}},"99":{"start":{"line":121,"column":20},"end":{"line":121,"column":28}},"100":{"start":{"line":122,"column":4},"end":{"line":123,"column":66}},"101":{"start":{"line":122,"column":34},"end":{"line":122,"column":38}},"102":{"start":{"line":123,"column":8},"end":{"line":123,"column":66}},"103":{"start":{"line":124,"column":4},"end":{"line":125,"column":67}},"104":{"start":{"line":124,"column":35},"end":{"line":124,"column":40}},"105":{"start":{"line":125,"column":8},"end":{"line":125,"column":67}},"106":{"start":{"line":126,"column":20},"end":{"line":141,"column":6}},"107":{"start":{"line":127,"column":25},"end":{"line":127,"column":30}},"108":{"start":{"line":128,"column":19},"end":{"line":139,"column":9}},"109":{"start":{"line":140,"column":8},"end":{"line":140,"column":20}},"110":{"start":{"line":145,"column":19},"end":{"line":145,"column":70}},"111":{"start":{"line":146,"column":4},"end":{"line":146,"column":21}},"112":{"start":{"line":148,"column":0},"end":{"line":148,"column":40}},"113":{"start":{"line":149,"column":21},"end":{"line":155,"column":2}},"114":{"start":{"line":149,"column":35},"end":{"line":155,"column":2}},"115":{"start":{"line":150,"column":20},"end":{"line":150,"column":30}},"116":{"start":{"line":151,"column":4},"end":{"line":152,"column":68}},"117":{"start":{"line":152,"column":8},"end":{"line":152,"column":68}},"118":{"start":{"line":153,"column":19},"end":{"line":153,"column":59}},"119":{"start":{"line":154,"column":4},"end":{"line":154,"column":21}},"120":{"start":{"line":156,"column":0},"end":{"line":156,"column":36}},"121":{"start":{"line":157,"column":23},"end":{"line":173,"column":2}},"122":{"start":{"line":157,"column":37},"end":{"line":173,"column":2}},"123":{"start":{"line":158,"column":21},"end":{"line":158,"column":34}},"124":{"start":{"line":159,"column":4},"end":{"line":160,"column":66}},"125":{"start":{"line":160,"column":8},"end":{"line":160,"column":66}},"126":{"start":{"line":161,"column":20},"end":{"line":167,"column":7}},"127":{"start":{"line":161,"column":43},"end":{"line":167,"column":5}},"128":{"start":{"line":171,"column":19},"end":{"line":171,"column":70}},"129":{"start":{"line":172,"column":4},"end":{"line":172,"column":21}},"130":{"start":{"line":174,"column":0},"end":{"line":174,"column":40}},"131":{"start":{"line":175,"column":29},"end":{"line":236,"column":2}},"132":{"start":{"line":175,"column":43},"end":{"line":236,"column":2}},"133":{"start":{"line":176,"column":25},"end":{"line":176,"column":35}},"134":{"start":{"line":177,"column":121},"end":{"line":177,"column":130}},"135":{"start":{"line":180,"column":4},"end":{"line":196,"column":5}},"136":{"start":{"line":181,"column":20},"end":{"line":181,"column":76}},"137":{"start":{"line":182,"column":24},"end":{"line":182,"column":68}},"138":{"start":{"line":183,"column":23},"end":{"line":186,"column":9}},"139":{"start":{"line":187,"column":25},"end":{"line":187,"column":76}},"140":{"start":{"line":188,"column":33},"end":{"line":188,"column":37}},"141":{"start":{"line":189,"column":8},"end":{"line":189,"column":22}},"142":{"start":{"line":190,"column":8},"end":{"line":190,"column":31}},"143":{"start":{"line":193,"column":87},"end":{"line":193,"column":92}},"144":{"start":{"line":194,"column":33},"end":{"line":194,"column":41}},"145":{"start":{"line":195,"column":8},"end":{"line":195,"column":55}},"146":{"start":{"line":197,"column":26},"end":{"line":199,"column":35}},"147":{"start":{"line":200,"column":24},"end":{"line":200,"column":81}},"148":{"start":{"line":201,"column":21},"end":{"line":203,"column":7}},"149":{"start":{"line":201,"column":42},"end":{"line":203,"column":5}},"150":{"start":{"line":204,"column":4},"end":{"line":205,"column":87}},"151":{"start":{"line":205,"column":8},"end":{"line":205,"column":87}},"152":{"start":{"line":206,"column":18},"end":{"line":209,"column":5}},"153":{"start":{"line":210,"column":20},"end":{"line":210,"column":66}},"154":{"start":{"line":211,"column":28},"end":{"line":217,"column":10}},"155":{"start":{"line":212,"column":28},"end":{"line":212,"column":33}},"156":{"start":{"line":213,"column":8},"end":{"line":214,"column":31}},"157":{"start":{"line":214,"column":12},"end":{"line":214,"column":31}},"158":{"start":{"line":215,"column":8},"end":{"line":215,"column":34}},"159":{"start":{"line":216,"column":8},"end":{"line":216,"column":20}},"160":{"start":{"line":218,"column":19},"end":{"line":226,"column":6}},"161":{"start":{"line":219,"column":24},"end":{"line":219,"column":52}},"162":{"start":{"line":220,"column":8},"end":{"line":221,"column":35}},"163":{"start":{"line":221,"column":12},"end":{"line":221,"column":35}},"164":{"start":{"line":222,"column":24},"end":{"line":222,"column":54}},"165":{"start":{"line":224,"column":8},"end":{"line":224,"column":31}},"166":{"start":{"line":225,"column":8},"end":{"line":225,"column":33}},"167":{"start":{"line":227,"column":21},"end":{"line":234,"column":5}},"168":{"start":{"line":235,"column":4},"end":{"line":235,"column":23}},"169":{"start":{"line":237,"column":0},"end":{"line":237,"column":52}}},"fnMap":{"0":{"name":"(anonymous_0)","decl":{"start":{"line":2,"column":44},"end":{"line":2,"column":45}},"loc":{"start":{"line":2,"column":89},"end":{"line":10,"column":1}},"line":2},"1":{"name":"adopt","decl":{"start":{"line":3,"column":13},"end":{"line":3,"column":18}},"loc":{"start":{"line":3,"column":26},"end":{"line":3,"column":112}},"line":3},"2":{"name":"(anonymous_2)","decl":{"start":{"line":3,"column":70},"end":{"line":3,"column":71}},"loc":{"start":{"line":3,"column":89},"end":{"line":3,"column":108}},"line":3},"3":{"name":"(anonymous_3)","decl":{"start":{"line":4,"column":36},"end":{"line":4,"column":37}},"loc":{"start":{"line":4,"column":63},"end":{"line":9,"column":5}},"line":4},"4":{"name":"fulfilled","decl":{"start":{"line":5,"column":17},"end":{"line":5,"column":26}},"loc":{"start":{"line":5,"column":34},"end":{"line":5,"column":99}},"line":5},"5":{"name":"rejected","decl":{"start":{"line":6,"column":17},"end":{"line":6,"column":25}},"loc":{"start":{"line":6,"column":33},"end":{"line":6,"column":102}},"line":6},"6":{"name":"step","decl":{"start":{"line":7,"column":17},"end":{"line":7,"column":21}},"loc":{"start":{"line":7,"column":30},"end":{"line":7,"column":118}},"line":7},"7":{"name":"(anonymous_7)","decl":{"start":{"line":11,"column":56},"end":{"line":11,"column":57}},"loc":{"start":{"line":11,"column":71},"end":{"line":13,"column":1}},"line":11},"8":{"name":"get_current_user_id","decl":{"start":{"line":23,"column":9},"end":{"line":23,"column":28}},"loc":{"start":{"line":23,"column":34},"end":{"line":26,"column":1}},"line":23},"9":{"name":"(anonymous_9)","decl":{"start":{"line":27,"column":28},"end":{"line":27,"column":29}},"loc":{"start":{"line":27,"column":42},"end":{"line":41,"column":2}},"line":27},"10":{"name":"(anonymous_10)","decl":{"start":{"line":27,"column":76},"end":{"line":27,"column":77}},"loc":{"start":{"line":27,"column":89},"end":{"line":41,"column":1}},"line":27},"11":{"name":"(anonymous_11)","decl":{"start":{"line":43,"column":21},"end":{"line":43,"column":22}},"loc":{"start":{"line":43,"column":35},"end":{"line":66,"column":2}},"line":43},"12":{"name":"(anonymous_12)","decl":{"start":{"line":43,"column":69},"end":{"line":43,"column":70}},"loc":{"start":{"line":43,"column":82},"end":{"line":66,"column":1}},"line":43},"13":{"name":"(anonymous_13)","decl":{"start":{"line":68,"column":23},"end":{"line":68,"column":24}},"loc":{"start":{"line":68,"column":37},"end":{"line":76,"column":2}},"line":68},"14":{"name":"(anonymous_14)","decl":{"start":{"line":68,"column":71},"end":{"line":68,"column":72}},"loc":{"start":{"line":68,"column":84},"end":{"line":76,"column":1}},"line":68},"15":{"name":"(anonymous_15)","decl":{"start":{"line":70,"column":21},"end":{"line":70,"column":22}},"loc":{"start":{"line":70,"column":38},"end":{"line":70,"column":46}},"line":70},"16":{"name":"(anonymous_16)","decl":{"start":{"line":72,"column":21},"end":{"line":72,"column":22}},"loc":{"start":{"line":72,"column":35},"end":{"line":72,"column":40}},"line":72},"17":{"name":"(anonymous_17)","decl":{"start":{"line":78,"column":25},"end":{"line":78,"column":26}},"loc":{"start":{"line":78,"column":39},"end":{"line":84,"column":2}},"line":78},"18":{"name":"(anonymous_18)","decl":{"start":{"line":78,"column":73},"end":{"line":78,"column":74}},"loc":{"start":{"line":78,"column":86},"end":{"line":84,"column":1}},"line":78},"19":{"name":"(anonymous_19)","decl":{"start":{"line":86,"column":24},"end":{"line":86,"column":25}},"loc":{"start":{"line":86,"column":38},"end":{"line":110,"column":2}},"line":86},"20":{"name":"(anonymous_20)","decl":{"start":{"line":86,"column":72},"end":{"line":86,"column":73}},"loc":{"start":{"line":86,"column":85},"end":{"line":110,"column":1}},"line":86},"21":{"name":"(anonymous_21)","decl":{"start":{"line":96,"column":33},"end":{"line":96,"column":34}},"loc":{"start":{"line":96,"column":47},"end":{"line":96,"column":58}},"line":96},"22":{"name":"(anonymous_22)","decl":{"start":{"line":112,"column":21},"end":{"line":112,"column":22}},"loc":{"start":{"line":112,"column":35},"end":{"line":118,"column":2}},"line":112},"23":{"name":"(anonymous_23)","decl":{"start":{"line":112,"column":69},"end":{"line":112,"column":70}},"loc":{"start":{"line":112,"column":82},"end":{"line":118,"column":1}},"line":112},"24":{"name":"(anonymous_24)","decl":{"start":{"line":120,"column":23},"end":{"line":120,"column":24}},"loc":{"start":{"line":120,"column":37},"end":{"line":147,"column":2}},"line":120},"25":{"name":"(anonymous_25)","decl":{"start":{"line":120,"column":71},"end":{"line":120,"column":72}},"loc":{"start":{"line":120,"column":84},"end":{"line":147,"column":1}},"line":120},"26":{"name":"(anonymous_26)","decl":{"start":{"line":122,"column":21},"end":{"line":122,"column":22}},"loc":{"start":{"line":122,"column":34},"end":{"line":122,"column":38}},"line":122},"27":{"name":"(anonymous_27)","decl":{"start":{"line":124,"column":21},"end":{"line":124,"column":22}},"loc":{"start":{"line":124,"column":35},"end":{"line":124,"column":40}},"line":124},"28":{"name":"(anonymous_28)","decl":{"start":{"line":126,"column":32},"end":{"line":126,"column":33}},"loc":{"start":{"line":126,"column":43},"end":{"line":141,"column":5}},"line":126},"29":{"name":"(anonymous_29)","decl":{"start":{"line":149,"column":21},"end":{"line":149,"column":22}},"loc":{"start":{"line":149,"column":35},"end":{"line":155,"column":2}},"line":149},"30":{"name":"(anonymous_30)","decl":{"start":{"line":149,"column":69},"end":{"line":149,"column":70}},"loc":{"start":{"line":149,"column":82},"end":{"line":155,"column":1}},"line":149},"31":{"name":"(anonymous_31)","decl":{"start":{"line":157,"column":23},"end":{"line":157,"column":24}},"loc":{"start":{"line":157,"column":37},"end":{"line":173,"column":2}},"line":157},"32":{"name":"(anonymous_32)","decl":{"start":{"line":157,"column":71},"end":{"line":157,"column":72}},"loc":{"start":{"line":157,"column":84},"end":{"line":173,"column":1}},"line":157},"33":{"name":"(anonymous_33)","decl":{"start":{"line":161,"column":33},"end":{"line":161,"column":34}},"loc":{"start":{"line":161,"column":43},"end":{"line":167,"column":5}},"line":161},"34":{"name":"(anonymous_34)","decl":{"start":{"line":175,"column":29},"end":{"line":175,"column":30}},"loc":{"start":{"line":175,"column":43},"end":{"line":236,"column":2}},"line":175},"35":{"name":"(anonymous_35)","decl":{"start":{"line":175,"column":77},"end":{"line":175,"column":78}},"loc":{"start":{"line":175,"column":90},"end":{"line":236,"column":1}},"line":175},"36":{"name":"(anonymous_36)","decl":{"start":{"line":201,"column":31},"end":{"line":201,"column":32}},"loc":{"start":{"line":201,"column":42},"end":{"line":203,"column":5}},"line":201},"37":{"name":"(anonymous_37)","decl":{"start":{"line":211,"column":43},"end":{"line":211,"column":44}},"loc":{"start":{"line":211,"column":60},"end":{"line":217,"column":5}},"line":211},"38":{"name":"(anonymous_38)","decl":{"start":{"line":218,"column":29},"end":{"line":218,"column":30}},"loc":{"start":{"line":218,"column":39},"end":{"line":226,"column":5}},"line":218}},"branchMap":{"0":{"loc":{"start":{"line":2,"column":16},"end":{"line":10,"column":1}},"type":"binary-expr","locations":[{"start":{"line":2,"column":17},"end":{"line":2,"column":21}},{"start":{"line":2,"column":25},"end":{"line":2,"column":39}},{"start":{"line":2,"column":44},"end":{"line":10,"column":1}}],"line":2},"1":{"loc":{"start":{"line":3,"column":35},"end":{"line":3,"column":109}},"type":"cond-expr","locations":[{"start":{"line":3,"column":56},"end":{"line":3,"column":61}},{"start":{"line":3,"column":64},"end":{"line":3,"column":109}}],"line":3},"2":{"loc":{"start":{"line":4,"column":16},"end":{"line":4,"column":34}},"type":"binary-expr","locations":[{"start":{"line":4,"column":16},"end":{"line":4,"column":17}},{"start":{"line":4,"column":22},"end":{"line":4,"column":33}}],"line":4},"3":{"loc":{"start":{"line":7,"column":32},"end":{"line":7,"column":115}},"type":"cond-expr","locations":[{"start":{"line":7,"column":46},"end":{"line":7,"column":67}},{"start":{"line":7,"column":70},"end":{"line":7,"column":115}}],"line":7},"4":{"loc":{"start":{"line":8,"column":51},"end":{"line":8,"column":67}},"type":"binary-expr","locations":[{"start":{"line":8,"column":51},"end":{"line":8,"column":61}},{"start":{"line":8,"column":65},"end":{"line":8,"column":67}}],"line":8},"5":{"loc":{"start":{"line":11,"column":22},"end":{"line":13,"column":1}},"type":"binary-expr","locations":[{"start":{"line":11,"column":23},"end":{"line":11,"column":27}},{"start":{"line":11,"column":31},"end":{"line":11,"column":51}},{"start":{"line":11,"column":56},"end":{"line":13,"column":1}}],"line":11},"6":{"loc":{"start":{"line":12,"column":11},"end":{"line":12,"column":61}},"type":"cond-expr","locations":[{"start":{"line":12,"column":37},"end":{"line":12,"column":40}},{"start":{"line":12,"column":43},"end":{"line":12,"column":61}}],"line":12},"7":{"loc":{"start":{"line":12,"column":12},"end":{"line":12,"column":33}},"type":"binary-expr","locations":[{"start":{"line":12,"column":12},"end":{"line":12,"column":15}},{"start":{"line":12,"column":19},"end":{"line":12,"column":33}}],"line":12},"8":{"loc":{"start":{"line":29,"column":4},"end":{"line":30,"column":43}},"type":"if","locations":[{"start":{"line":29,"column":4},"end":{"line":30,"column":43}},{"start":{"line":29,"column":4},"end":{"line":30,"column":43}}],"line":29},"9":{"loc":{"start":{"line":31,"column":4},"end":{"line":32,"column":70}},"type":"if","locations":[{"start":{"line":31,"column":4},"end":{"line":32,"column":70}},{"start":{"line":31,"column":4},"end":{"line":32,"column":70}}],"line":31},"10":{"loc":{"start":{"line":33,"column":12},"end":{"line":33,"column":43}},"type":"default-arg","locations":[{"start":{"line":33,"column":19},"end":{"line":33,"column":43}}],"line":33},"11":{"loc":{"start":{"line":34,"column":26},"end":{"line":36,"column":35}},"type":"cond-expr","locations":[{"start":{"line":35,"column":10},"end":{"line":35,"column":30}},{"start":{"line":36,"column":10},"end":{"line":36,"column":35}}],"line":34},"12":{"loc":{"start":{"line":37,"column":24},"end":{"line":37,"column":81}},"type":"cond-expr","locations":[{"start":{"line":37,"column":35},"end":{"line":37,"column":53}},{"start":{"line":37,"column":56},"end":{"line":37,"column":81}}],"line":37},"13":{"loc":{"start":{"line":44,"column":18},"end":{"line":44,"column":29}},"type":"default-arg","locations":[{"start":{"line":44,"column":25},"end":{"line":44,"column":29}}],"line":44},"14":{"loc":{"start":{"line":44,"column":31},"end":{"line":44,"column":40}},"type":"default-arg","locations":[{"start":{"line":44,"column":36},"end":{"line":44,"column":40}}],"line":44},"15":{"loc":{"start":{"line":44,"column":42},"end":{"line":44,"column":51}},"type":"default-arg","locations":[{"start":{"line":44,"column":47},"end":{"line":44,"column":51}}],"line":44},"16":{"loc":{"start":{"line":44,"column":53},"end":{"line":44,"column":66}},"type":"default-arg","locations":[{"start":{"line":44,"column":61},"end":{"line":44,"column":66}}],"line":44},"17":{"loc":{"start":{"line":44,"column":68},"end":{"line":44,"column":83}},"type":"default-arg","locations":[{"start":{"line":44,"column":78},"end":{"line":44,"column":83}}],"line":44},"18":{"loc":{"start":{"line":44,"column":85},"end":{"line":44,"column":101}},"type":"default-arg","locations":[{"start":{"line":44,"column":96},"end":{"line":44,"column":101}}],"line":44},"19":{"loc":{"start":{"line":46,"column":4},"end":{"line":47,"column":43}},"type":"if","locations":[{"start":{"line":46,"column":4},"end":{"line":47,"column":43}},{"start":{"line":46,"column":4},"end":{"line":47,"column":43}}],"line":46},"20":{"loc":{"start":{"line":48,"column":4},"end":{"line":49,"column":70}},"type":"if","locations":[{"start":{"line":48,"column":4},"end":{"line":49,"column":70}},{"start":{"line":48,"column":4},"end":{"line":49,"column":70}}],"line":48},"21":{"loc":{"start":{"line":50,"column":4},"end":{"line":51,"column":67}},"type":"if","locations":[{"start":{"line":50,"column":4},"end":{"line":51,"column":67}},{"start":{"line":50,"column":4},"end":{"line":51,"column":67}}],"line":50},"22":{"loc":{"start":{"line":70,"column":4},"end":{"line":71,"column":70}},"type":"if","locations":[{"start":{"line":70,"column":4},"end":{"line":71,"column":70}},{"start":{"line":70,"column":4},"end":{"line":71,"column":70}}],"line":70},"23":{"loc":{"start":{"line":72,"column":4},"end":{"line":73,"column":70}},"type":"if","locations":[{"start":{"line":72,"column":4},"end":{"line":73,"column":70}},{"start":{"line":72,"column":4},"end":{"line":73,"column":70}}],"line":72},"24":{"loc":{"start":{"line":80,"column":4},"end":{"line":81,"column":68}},"type":"if","locations":[{"start":{"line":80,"column":4},"end":{"line":81,"column":68}},{"start":{"line":80,"column":4},"end":{"line":81,"column":68}}],"line":80},"25":{"loc":{"start":{"line":87,"column":12},"end":{"line":87,"column":43}},"type":"default-arg","locations":[{"start":{"line":87,"column":19},"end":{"line":87,"column":43}}],"line":87},"26":{"loc":{"start":{"line":87,"column":77},"end":{"line":87,"column":115}},"type":"default-arg","locations":[{"start":{"line":87,"column":85},"end":{"line":87,"column":115}}],"line":87},"27":{"loc":{"start":{"line":87,"column":117},"end":{"line":87,"column":125}},"type":"default-arg","locations":[{"start":{"line":87,"column":124},"end":{"line":87,"column":125}}],"line":87},"28":{"loc":{"start":{"line":88,"column":26},"end":{"line":90,"column":35}},"type":"cond-expr","locations":[{"start":{"line":89,"column":10},"end":{"line":89,"column":30}},{"start":{"line":90,"column":10},"end":{"line":90,"column":35}}],"line":88},"29":{"loc":{"start":{"line":91,"column":24},"end":{"line":91,"column":81}},"type":"cond-expr","locations":[{"start":{"line":91,"column":35},"end":{"line":91,"column":53}},{"start":{"line":91,"column":56},"end":{"line":91,"column":81}}],"line":91},"30":{"loc":{"start":{"line":95,"column":4},"end":{"line":96,"column":61}},"type":"if","locations":[{"start":{"line":95,"column":4},"end":{"line":96,"column":61}},{"start":{"line":95,"column":4},"end":{"line":96,"column":61}}],"line":95},"31":{"loc":{"start":{"line":114,"column":4},"end":{"line":115,"column":68}},"type":"if","locations":[{"start":{"line":114,"column":4},"end":{"line":115,"column":68}},{"start":{"line":114,"column":4},"end":{"line":115,"column":68}}],"line":114},"32":{"loc":{"start":{"line":122,"column":4},"end":{"line":123,"column":66}},"type":"if","locations":[{"start":{"line":122,"column":4},"end":{"line":123,"column":66}},{"start":{"line":122,"column":4},"end":{"line":123,"column":66}}],"line":122},"33":{"loc":{"start":{"line":124,"column":4},"end":{"line":125,"column":67}},"type":"if","locations":[{"start":{"line":124,"column":4},"end":{"line":125,"column":67}},{"start":{"line":124,"column":4},"end":{"line":125,"column":67}}],"line":124},"34":{"loc":{"start":{"line":151,"column":4},"end":{"line":152,"column":68}},"type":"if","locations":[{"start":{"line":151,"column":4},"end":{"line":152,"column":68}},{"start":{"line":151,"column":4},"end":{"line":152,"column":68}}],"line":151},"35":{"loc":{"start":{"line":159,"column":4},"end":{"line":160,"column":66}},"type":"if","locations":[{"start":{"line":159,"column":4},"end":{"line":160,"column":66}},{"start":{"line":159,"column":4},"end":{"line":160,"column":66}}],"line":159},"36":{"loc":{"start":{"line":177,"column":12},"end":{"line":177,"column":43}},"type":"default-arg","locations":[{"start":{"line":177,"column":19},"end":{"line":177,"column":43}}],"line":177},"37":{"loc":{"start":{"line":177,"column":67},"end":{"line":177,"column":105}},"type":"default-arg","locations":[{"start":{"line":177,"column":75},"end":{"line":177,"column":105}}],"line":177},"38":{"loc":{"start":{"line":177,"column":107},"end":{"line":177,"column":115}},"type":"default-arg","locations":[{"start":{"line":177,"column":114},"end":{"line":177,"column":115}}],"line":177},"39":{"loc":{"start":{"line":193,"column":16},"end":{"line":193,"column":81}},"type":"default-arg","locations":[{"start":{"line":193,"column":27},"end":{"line":193,"column":81}}],"line":193},"40":{"loc":{"start":{"line":197,"column":26},"end":{"line":199,"column":35}},"type":"cond-expr","locations":[{"start":{"line":198,"column":10},"end":{"line":198,"column":30}},{"start":{"line":199,"column":10},"end":{"line":199,"column":35}}],"line":197},"41":{"loc":{"start":{"line":200,"column":24},"end":{"line":200,"column":81}},"type":"cond-expr","locations":[{"start":{"line":200,"column":35},"end":{"line":200,"column":53}},{"start":{"line":200,"column":56},"end":{"line":200,"column":81}}],"line":200},"42":{"loc":{"start":{"line":204,"column":4},"end":{"line":205,"column":87}},"type":"if","locations":[{"start":{"line":204,"column":4},"end":{"line":205,"column":87}},{"start":{"line":204,"column":4},"end":{"line":205,"column":87}}],"line":204},"43":{"loc":{"start":{"line":213,"column":8},"end":{"line":214,"column":31}},"type":"if","locations":[{"start":{"line":213,"column":8},"end":{"line":214,"column":31}},{"start":{"line":213,"column":8},"end":{"line":214,"column":31}}],"line":213},"44":{"loc":{"start":{"line":220,"column":8},"end":{"line":221,"column":35}},"type":"if","locations":[{"start":{"line":220,"column":8},"end":{"line":221,"column":35}},{"start":{"line":220,"column":8},"end":{"line":221,"column":35}}],"line":220},"45":{"loc":{"start":{"line":222,"column":24},"end":{"line":222,"column":54}},"type":"binary-expr","locations":[{"start":{"line":222,"column":24},"end":{"line":222,"column":48}},{"start":{"line":222,"column":52},"end":{"line":222,"column":54}}],"line":222}},"s":{"0":1,"1":7,"2":6,"3":7,"4":7,"5":7,"6":0,"7":0,"8":0,"9":0,"10":13,"11":7,"12":1,"13":4,"14":1,"15":1,"16":1,"17":1,"18":1,"19":1,"20":1,"21":1,"22":1,"23":3,"24":3,"25":1,"26":1,"27":1,"28":1,"29":1,"30":1,"31":0,"32":1,"33":1,"34":1,"35":1,"36":1,"37":1,"38":1,"39":1,"40":2,"41":2,"42":2,"43":2,"44":2,"45":2,"46":0,"47":2,"48":1,"49":1,"50":1,"51":1,"52":1,"53":1,"54":1,"55":1,"56":0,"57":0,"58":0,"59":0,"60":0,"61":0,"62":0,"63":0,"64":0,"65":0,"66":1,"67":1,"68":1,"69":1,"70":1,"71":0,"72":1,"73":1,"74":1,"75":1,"76":0,"77":0,"78":0,"79":0,"80":0,"81":0,"82":0,"83":0,"84":0,"85":0,"86":0,"87":0,"88":1,"89":1,"90":1,"91":1,"92":1,"93":0,"94":1,"95":1,"96":1,"97":1,"98":0,"99":0,"100":0,"101":0,"102":0,"103":0,"104":0,"105":0,"106":0,"107":0,"108":0,"109":0,"110":0,"111":0,"112":1,"113":1,"114":1,"115":1,"116":1,"117":0,"118":1,"119":1,"120":1,"121":1,"122":0,"123":0,"124":0,"125":0,"126":0,"127":0,"128":0,"129":0,"130":1,"131":1,"132":1,"133":1,"134":1,"135":1,"136":1,"137":1,"138":1,"139":1,"140":1,"141":1,"142":1,"143":0,"144":0,"145":0,"146":1,"147":1,"148":1,"149":2,"150":1,"151":0,"152":1,"153":1,"154":1,"155":1,"156":1,"157":1,"158":1,"159":1,"160":1,"161":2,"162":2,"163":0,"164":2,"165":2,"166":2,"167":1,"168":1,"169":1},"f":{"0":7,"1":7,"2":6,"3":7,"4":7,"5":0,"6":13,"7":4,"8":3,"9":1,"10":1,"11":2,"12":2,"13":0,"14":0,"15":0,"16":0,"17":1,"18":1,"19":0,"20":0,"21":0,"22":1,"23":1,"24":0,"25":0,"26":0,"27":0,"28":0,"29":1,"30":1,"31":0,"32":0,"33":0,"34":1,"35":1,"36":2,"37":1,"38":2},"b":{"0":[1,1,1],"1":[1,6],"2":[7,7],"3":[6,7],"4":[7,7],"5":[1,1,1],"6":[1,3],"7":[4,4],"8":[1,0],"9":[0,1],"10":[1],"11":[0,1],"12":[0,1],"13":[2],"14":[2],"15":[2],"16":[2],"17":[2],"18":[2],"19":[2,0],"20":[0,2],"21":[1,1],"22":[0,0],"23":[0,0],"24":[0,1],"25":[0],"26":[0],"27":[0],"28":[0,0],"29":[0,0],"30":[0,0],"31":[0,1],"32":[0,0],"33":[0,0],"34":[0,1],"35":[0,0],"36":[1],"37":[1],"38":[1],"39":[0],"40":[0,1],"41":[0,1],"42":[0,1],"43":[1,0],"44":[0,2],"45":[2,1]},"inputSourceMap":{"version":3,"file":"/mnt/ironwolf8tb/moreillon/dev/node/nenkyuu_calendar/controllers/entries.ts","sources":["/mnt/ironwolf8tb/moreillon/dev/node/nenkyuu_calendar/controllers/entries.ts"],"names":[],"mappings":";;;;;;;;;;;;;;;AAAA,kDAAyB;AACzB,4DAAmC;AACnC,8DAAyC;AACzC,oCAAoC;AACpC,wDAA+B;AAG/B,4CAA+D;AAI/D,MAAM,EAAE,qBAAqB,EAAE,GAAG,OAAO,CAAC,GAAG,CAAA;AAE7C,SAAS,mBAAmB,CAAC,GAAa;IACxC,MAAM,EAAE,IAAI,EAAE,GAAG,GAAG,CAAC,MAAM,CAAA;IAC3B,OAAO,IAAA,iBAAS,EAAC,IAAI,CAAC,CAAA;AACxB,CAAC;AAEM,MAAM,mBAAmB,GAAG,CAAO,GAAY,EAAE,GAAa,EAAE,EAAE;IACvE,IAAI,OAAO,GAAuB,GAAG,CAAC,MAAM,CAAC,OAAO,CAAA;IACpD,IAAI,OAAO,KAAK,MAAM;QAAE,OAAO,GAAG,mBAAmB,CAAC,GAAG,CAAC,CAAA;IAC1D,IAAI,CAAC,OAAO;QAAE,MAAM,IAAA,qBAAe,EAAC,GAAG,EAAE,sBAAsB,CAAC,CAAA;IAEhE,MAAM,EACJ,IAAI,GAAG,IAAI,IAAI,EAAE,CAAC,WAAW,EAAE,EAC/B,UAAU,EACV,QAAQ,GACT,GAAG,GAAG,CAAC,KAAY,CAAA;IAEpB,MAAM,aAAa,GAAG,UAAU;QAC9B,CAAC,CAAC,IAAI,IAAI,CAAC,UAAU,CAAC;QACtB,CAAC,CAAC,IAAI,IAAI,CAAC,GAAG,IAAI,QAAQ,CAAC,CAAA;IAC7B,MAAM,WAAW,GAAG,QAAQ,CAAC,CAAC,CAAC,IAAI,IAAI,CAAC,QAAQ,CAAC,CAAC,CAAC,CAAC,IAAI,IAAI,CAAC,GAAG,IAAI,QAAQ,CAAC,CAAA;IAE7E,MAAM,KAAK,GAAG,EAAE,OAAO,EAAE,IAAI,EAAE,EAAE,IAAI,EAAE,aAAa,EAAE,IAAI,EAAE,WAAW,EAAE,EAAE,CAAA;IAE3E,MAAM,OAAO,GAAG,MAAM,eAAK,CAAC,IAAI,CAAC,KAAK,CAAC,CAAC,IAAI,CAAC,MAAM,CAAC,CAAA;IAEpD,GAAG,CAAC,IAAI,CAAC,OAAO,CAAC,CAAA;AACnB,CAAC,CAAA,CAAA;AArBY,QAAA,mBAAmB,uBAqB/B;AAEM,MAAM,YAAY,GAAG,CAAO,GAAY,EAAE,GAAa,EAAE,EAAE;IAChE,MAAM,EACJ,IAAI,EACJ,IAAI,GAAG,IAAI,EACX,EAAE,GAAG,IAAI,EACT,EAAE,GAAG,IAAI,EACT,KAAK,GAAG,KAAK,EACb,OAAO,GAAG,KAAK,EACf,QAAQ,GAAG,KAAK,GACjB,GAAG,GAAG,CAAC,IAAI,CAAA;IAEZ,IAAI,OAAO,GAAuB,GAAG,CAAC,MAAM,CAAC,OAAO,CAAA;IACpD,IAAI,OAAO,KAAK,MAAM;QAAE,OAAO,GAAG,mBAAmB,CAAC,GAAG,CAAC,CAAA;IAE1D,IAAI,CAAC,OAAO;QAAE,MAAM,IAAA,qBAAe,EAAC,GAAG,EAAE,sBAAsB,CAAC,CAAA;IAChE,IAAI,CAAC,IAAI;QAAE,MAAM,IAAA,qBAAe,EAAC,GAAG,EAAE,mBAAmB,CAAC,CAAA;IAE1D,MAAM,gBAAgB,GAAG;QACvB,OAAO;QACP,IAAI;QACJ,IAAI;QACJ,EAAE;QACF,EAAE;QACF,KAAK;QACL,OAAO;QACP,QAAQ;KACT,CAAA;IAED,MAAM,MAAM,GAAG,EAAE,IAAI,EAAE,OAAO,EAAE,CAAA;IAChC,MAAM,OAAO,GAAG,EAAE,GAAG,EAAE,IAAI,EAAE,MAAM,EAAE,IAAI,EAAE,CAAA;IAE3C,MAAM,KAAK,GAAG,MAAM,eAAK,CAAC,gBAAgB,CAAC,MAAM,EAAE,gBAAgB,EAAE,OAAO,CAAC,CAAA;IAE7E,GAAG,CAAC,IAAI,CAAC,KAAK,CAAC,CAAA;AACjB,CAAC,CAAA,CAAA;AAlCY,QAAA,YAAY,gBAkCxB;AAEM,MAAM,cAAc,GAAG,CAAO,GAAY,EAAE,GAAa,EAAE,EAAE;IAClE,MAAM,OAAO,GAAG,GAAG,CAAC,IAAI,CAAA;IAExB,IAAI,OAAO,CAAC,IAAI,CAAC,CAAC,EAAE,OAAO,EAAU,EAAE,EAAE,CAAC,CAAC,OAAO,CAAC;QACjD,MAAM,IAAA,qBAAe,EAAC,GAAG,EAAE,sBAAsB,CAAC,CAAA;IACpD,IAAI,OAAO,CAAC,IAAI,CAAC,CAAC,EAAE,IAAI,EAAU,EAAE,EAAE,CAAC,CAAC,IAAI,CAAC;QAC3C,MAAM,IAAA,qBAAe,EAAC,GAAG,EAAE,sBAAsB,CAAC,CAAA;IAEpD,MAAM,MAAM,GAAG,MAAM,eAAK,CAAC,UAAU,CAAC,OAAO,CAAC,CAAA;IAC9C,GAAG,CAAC,IAAI,CAAC,MAAM,CAAC,CAAA;AAClB,CAAC,CAAA,CAAA;AAVY,QAAA,cAAc,kBAU1B;AAEM,MAAM,gBAAgB,GAAG,CAAO,GAAY,EAAE,GAAa,EAAE,EAAE;IACpE,MAAM,EAAE,GAAG,EAAE,GAAG,GAAG,CAAC,MAAM,CAAA;IAE1B,IAAI,CAAC,GAAG;QAAE,MAAM,IAAA,qBAAe,EAAC,GAAG,EAAE,oBAAoB,CAAC,CAAA;IAE1D,MAAM,KAAK,GAAG,MAAM,eAAK,CAAC,QAAQ,CAAC,GAAG,CAAC,CAAA;IAEvC,GAAG,CAAC,IAAI,CAAC,KAAK,CAAC,CAAA;AACjB,CAAC,CAAA,CAAA;AARY,QAAA,gBAAgB,oBAQ5B;AAEM,MAAM,eAAe,GAAG,CAAO,GAAY,EAAE,GAAa,EAAE,EAAE;IACnE,MAAM,EACJ,IAAI,GAAG,IAAI,IAAI,EAAE,CAAC,WAAW,EAAE,EAC/B,UAAU,EACV,QAAQ,EACR,QAAQ,EACR,KAAK,GAAG,8BAAkB,EAC1B,IAAI,GAAG,CAAC,GACT,GAAG,GAAG,CAAC,KAAY,CAAA;IAEpB,MAAM,aAAa,GAAG,UAAU;QAC9B,CAAC,CAAC,IAAI,IAAI,CAAC,UAAU,CAAC;QACtB,CAAC,CAAC,IAAI,IAAI,CAAC,GAAG,IAAI,QAAQ,CAAC,CAAA;IAC7B,MAAM,WAAW,GAAG,QAAQ,CAAC,CAAC,CAAC,IAAI,IAAI,CAAC,QAAQ,CAAC,CAAC,CAAC,CAAC,IAAI,IAAI,CAAC,GAAG,IAAI,QAAQ,CAAC,CAAA;IAE7E,MAAM,KAAK,GAAQ;QACjB,IAAI,EAAE,EAAE,IAAI,EAAE,aAAa,EAAE,IAAI,EAAE,WAAW,EAAE;KACjD,CAAA;IAED,IAAI,QAAQ;QAAE,KAAK,CAAC,GAAG,GAAG,QAAQ,CAAC,GAAG,CAAC,CAAC,OAAe,EAAE,EAAE,CAAC,CAAC,EAAE,OAAO,EAAE,CAAC,CAAC,CAAA;IAE1E,MAAM,OAAO,GAAG,MAAM,eAAK,CAAC,IAAI,CAAC,KAAK,CAAC;SACpC,IAAI,CAAC,MAAM,CAAC,IAAI,CAAC,CAAC;SAClB,KAAK,CAAC,IAAI,CAAC,GAAG,CAAC,MAAM,CAAC,KAAK,CAAC,EAAE,CAAC,CAAC,CAAC,CAAA;IAEpC,MAAM,KAAK,GAAG,MAAM,eAAK,CAAC,cAAc,CAAC,KAAK,CAAC,CAAA;IAE/C,MAAM,QAAQ,GAAG;QACf,aAAa;QACb,WAAW;QACX,KAAK;QACL,IAAI;QACJ,KAAK;QACL,OAAO;KACR,CAAA;IAED,GAAG,CAAC,IAAI,CAAC,QAAQ,CAAC,CAAA;AACpB,CAAC,CAAA,CAAA;AArCY,QAAA,eAAe,mBAqC3B;AAEM,MAAM,YAAY,GAAG,CAAO,GAAY,EAAE,GAAa,EAAE,EAAE;IAChE,MAAM,EAAE,GAAG,EAAE,GAAG,GAAG,CAAC,MAAM,CAAA;IAE1B,IAAI,CAAC,GAAG;QAAE,MAAM,IAAA,qBAAe,EAAC,GAAG,EAAE,oBAAoB,CAAC,CAAA;IAE1D,MAAM,MAAM,GAAG,MAAM,eAAK,CAAC,SAAS,CAAC,EAAE,GAAG,EAAE,EAAE,GAAG,CAAC,IAAI,CAAC,CAAA;IAEvD,GAAG,CAAC,IAAI,CAAC,MAAM,CAAC,CAAA;AAClB,CAAC,CAAA,CAAA;AARY,QAAA,YAAY,gBAQxB;AAEM,MAAM,cAAc,GAAG,CAAO,GAAY,EAAE,GAAa,EAAE,EAAE;IAClE,MAAM,OAAO,GAAG,GAAG,CAAC,IAAI,CAAA;IAExB,IAAI,OAAO,CAAC,IAAI,CAAC,CAAC,EAAE,GAAG,EAAU,EAAE,EAAE,CAAC,CAAC,GAAG,CAAC;QACzC,MAAM,IAAA,qBAAe,EAAC,GAAG,EAAE,kBAAkB,CAAC,CAAA;IAChD,IAAI,OAAO,CAAC,IAAI,CAAC,CAAC,EAAE,IAAI,EAAU,EAAE,EAAE,CAAC,CAAC,IAAI,CAAC;QAC3C,MAAM,IAAA,qBAAe,EAAC,GAAG,EAAE,mBAAmB,CAAC,CAAA;IAEjD,MAAM,OAAO,GAAG,OAAO,CAAC,GAAG,CAAC,CAAC,KAAa,EAAE,EAAE;QAC5C,MAAM,EAAE,IAAI,EAAE,GAAG,KAAK,CAAA;QAEtB,IAAI,IAAI,GAAG;YACT,SAAS,EAAE;gBACT,MAAM,EAAE;oBACN,GAAG,EAAE,kBAAQ,CAAC,KAAK,CAAC,QAAQ,CAAC,KAAK,CAAC,GAAG,CAAC;iBACxC;gBACD,MAAM,EAAE;oBACN,IAAI,EAAE;wBACJ,IAAI,EAAE,MAAM,CAAC,IAAI,CAAC;qBACnB;iBACF;aACF;SACF,CAAA;QAED,OAAO,IAAI,CAAA;IACb,CAAC,CAAC,CAAA;IAEF,+CAA+C;IAC/C,4DAA4D;IAC5D,mDAAmD;IACnD,MAAM,MAAM,GAAG,MAAM,eAAK,CAAC,UAAU,CAAC,SAAS,CAAC,OAAO,CAAC,CAAA;IACxD,GAAG,CAAC,IAAI,CAAC,MAAM,CAAC,CAAA;AAClB,CAAC,CAAA,CAAA;AAhCY,QAAA,cAAc,kBAgC1B;AAEM,MAAM,YAAY,GAAG,CAAO,GAAY,EAAE,GAAa,EAAE,EAAE;IAChE,MAAM,EAAE,GAAG,EAAE,GAAG,GAAG,CAAC,MAAM,CAAA;IAE1B,IAAI,CAAC,GAAG;QAAE,MAAM,IAAA,qBAAe,EAAC,GAAG,EAAE,oBAAoB,CAAC,CAAA;IAE1D,MAAM,MAAM,GAAG,MAAM,eAAK,CAAC,SAAS,CAAC,EAAE,GAAG,EAAE,CAAC,CAAA;IAC7C,GAAG,CAAC,IAAI,CAAC,MAAM,CAAC,CAAA;AAClB,CAAC,CAAA,CAAA;AAPY,QAAA,YAAY,gBAOxB;AAEM,MAAM,cAAc,GAAG,CAAO,GAAY,EAAE,GAAa,EAAE,EAAE;IAClE,MAAM,QAAQ,GAAG,GAAG,CAAC,KAAK,CAAC,GAAe,CAAA;IAE1C,IAAI,CAAC,QAAQ;QAAE,MAAM,IAAA,qBAAe,EAAC,GAAG,EAAE,kBAAkB,CAAC,CAAA;IAE7D,MAAM,OAAO,GAAG,QAAQ,CAAC,GAAG,CAAC,CAAC,GAAG,EAAE,EAAE,CAAC,CAAC;QACrC,SAAS,EAAE;YACT,MAAM,EAAE;gBACN,GAAG,EAAE,kBAAQ,CAAC,KAAK,CAAC,QAAQ,CAAC,GAAG,CAAC;aAClC;SACF;KACF,CAAC,CAAC,CAAA;IAEH,+CAA+C;IAC/C,4DAA4D;IAC5D,mDAAmD;IACnD,MAAM,MAAM,GAAG,MAAM,eAAK,CAAC,UAAU,CAAC,SAAS,CAAC,OAAO,CAAC,CAAA;IACxD,GAAG,CAAC,IAAI,CAAC,MAAM,CAAC,CAAA;AAClB,CAAC,CAAA,CAAA;AAlBY,QAAA,cAAc,kBAkB1B;AAEM,MAAM,oBAAoB,GAAG,CAAO,GAAY,EAAE,GAAa,EAAE,EAAE;IACxE,MAAM,EAAE,QAAQ,EAAE,GAAG,GAAG,CAAC,MAAM,CAAA;IAE/B,MAAM,EACJ,IAAI,GAAG,IAAI,IAAI,EAAE,CAAC,WAAW,EAAE,EAC/B,UAAU,EACV,QAAQ,EACR,KAAK,GAAG,8BAAkB,EAC1B,IAAI,GAAG,CAAC,GACT,GAAG,GAAG,CAAC,KAAY,CAAA;IAEpB,IAAI,KAAY,CAAA;IAChB,IAAI,cAAsB,CAAA;IAC1B,IAAI;QACF,MAAM,GAAG,GAAG,GAAG,qBAAqB,cAAc,QAAQ,UAAU,CAAA;QACpE,MAAM,OAAO,GAAG,EAAE,aAAa,EAAE,GAAG,CAAC,OAAO,CAAC,aAAa,EAAE,CAAA;QAC5D,MAAM,MAAM,GAAG;YACb,UAAU,EAAE,KAAK;YACjB,WAAW,EAAE,IAAI;SAClB,CAAA;QAED,MAAM,EAAE,IAAI,EAAE,GAAG,MAAM,eAAK,CAAC,GAAG,CAAC,GAAG,EAAE,EAAE,OAAO,EAAE,MAAM,EAAE,CAAC,CAAA;QAC1D,MAAM,EAAE,KAAK,EAAE,KAAK,EAAE,GAAG,IAAI,CAAA;QAC7B,KAAK,GAAG,KAAK,CAAA;QACb,cAAc,GAAG,KAAK,CAAA;KACvB;IAAC,OAAO,KAAU,EAAE;QACnB,MAAM,EACJ,QAAQ,GAAG,EAAE,MAAM,EAAE,GAAG,EAAE,IAAI,EAAE,+BAA+B,EAAE,GAClE,GAAG,KAAK,CAAA;QACT,MAAM,EAAE,MAAM,EAAE,IAAI,EAAE,GAAG,QAAQ,CAAA;QACjC,MAAM,IAAA,qBAAe,EAAC,MAAM,EAAE,IAAI,CAAC,CAAA;KACpC;IAED,MAAM,aAAa,GAAG,UAAU;QAC9B,CAAC,CAAC,IAAI,IAAI,CAAC,UAAU,CAAC;QACtB,CAAC,CAAC,IAAI,IAAI,CAAC,GAAG,IAAI,QAAQ,CAAC,CAAA;IAC7B,MAAM,WAAW,GAAG,QAAQ,CAAC,CAAC,CAAC,IAAI,IAAI,CAAC,QAAQ,CAAC,CAAC,CAAC,CAAC,IAAI,IAAI,CAAC,GAAG,IAAI,QAAQ,CAAC,CAAA;IAE7E,MAAM,QAAQ,GAAG,KAAK,CAAC,GAAG,CAAC,CAAC,IAAW,EAAE,EAAE,CAAC,CAAC;QAC3C,OAAO,EAAE,IAAA,iBAAS,EAAC,IAAI,CAAC;KACzB,CAAC,CAAC,CAAA;IAEH,IAAI,CAAC,QAAQ,CAAC,MAAM;QAClB,MAAM,IAAA,qBAAe,EAAC,GAAG,EAAE,SAAS,QAAQ,sBAAsB,CAAC,CAAA;IAErE,MAAM,KAAK,GAAG;QACZ,GAAG,EAAE,QAAQ;QACb,IAAI,EAAE,EAAE,IAAI,EAAE,aAAa,EAAE,IAAI,EAAE,WAAW,EAAE;KACjD,CAAA;IAED,MAAM,OAAO,GAAG,MAAM,eAAK,CAAC,IAAI,CAAC,KAAK,CAAC,CAAC,IAAI,CAAC,MAAM,CAAC,CAAA;IAEpD,MAAM,eAAe,GAAG,OAAO,CAAC,MAAM,CAAC,CAAC,IAAS,EAAE,KAAa,EAAE,EAAE;QAClE,MAAM,EAAE,OAAO,EAAE,GAAG,KAAK,CAAA;QACzB,IAAI,CAAC,IAAI,CAAC,OAAO,CAAC;YAAE,IAAI,CAAC,OAAO,CAAC,GAAG,EAAE,CAAA;QACtC,IAAI,CAAC,OAAO,CAAC,CAAC,IAAI,CAAC,KAAK,CAAC,CAAA;QACzB,OAAO,IAAI,CAAA;IACb,CAAC,EAAE,EAAE,CAAC,CAAA;IAEN,MAAM,MAAM,GAAG,KAAK,CAAC,GAAG,CAAC,CAAC,IAAW,EAAE,EAAE;QACvC,MAAM,OAAO,GAAG,IAAA,iBAAS,EAAC,IAAI,CAAC,CAAA;QAC/B,IAAI,CAAC,OAAO;YAAE,MAAM,gBAAgB,CAAA;QACpC,MAAM,OAAO,GAAG,eAAe,CAAC,OAAO,CAAC,IAAI,EAAE,CAAA;QAC9C,sBAAsB;QACtB,IAAI,CAAC,OAAO,GAAG,OAAO,CAAA;QACtB,OAAO,EAAE,IAAI,EAAE,OAAO,EAAE,CAAA;IAC1B,CAAC,CAAC,CAAA;IAEF,MAAM,QAAQ,GAAG;QACf,aAAa;QACb,WAAW;QACX,KAAK;QACL,IAAI;QACJ,KAAK,EAAE,cAAc;QACrB,KAAK,EAAE,MAAM;KACd,CAAA;IAED,GAAG,CAAC,IAAI,CAAC,QAAQ,CAAC,CAAA;AACpB,CAAC,CAAA,CAAA;AA9EY,QAAA,oBAAoB,wBA8EhC","sourcesContent":["import axios from \"axios\"\r\nimport Entry from \"../models/entry\"\r\nimport createHttpError from \"http-errors\"\r\nimport { getUserId } from \"../utils\"\r\nimport mongoose from \"mongoose\"\r\nimport IEntry from \"../interfaces/entry\"\r\nimport IUser from \"../interfaces/user\"\r\nimport { TOTAL_HEADER, DEFAULT_BATCH_SIZE } from \"../constants\"\r\n\r\nimport { Request, Response } from \"express\"\r\n\r\nconst { GROUP_MANAGER_API_URL } = process.env\r\n\r\nfunction get_current_user_id(res: Response) {\r\n  const { user } = res.locals\r\n  return getUserId(user)\r\n}\r\n\r\nexport const get_entries_of_user = async (req: Request, res: Response) => {\r\n  let user_id: string | undefined = req.params.user_id\r\n  if (user_id === \"self\") user_id = get_current_user_id(res)\r\n  if (!user_id) throw createHttpError(400, `User ID not provided`)\r\n\r\n  const {\r\n    year = new Date().getFullYear(),\r\n    start_date,\r\n    end_date,\r\n  } = req.query as any\r\n\r\n  const start_of_date = start_date\r\n    ? new Date(start_date)\r\n    : new Date(`${year}/01/01`)\r\n  const end_of_date = end_date ? new Date(end_date) : new Date(`${year}/12/31`)\r\n\r\n  const query = { user_id, date: { $gte: start_of_date, $lte: end_of_date } }\r\n\r\n  const entries = await Entry.find(query).sort(\"date\")\r\n\r\n  res.send(entries)\r\n}\r\n\r\nexport const create_entry = async (req: Request, res: Response) => {\r\n  const {\r\n    date,\r\n    type = \"有休\",\r\n    am = true,\r\n    pm = true,\r\n    taken = false,\r\n    refresh = false,\r\n    plus_one = false,\r\n  } = req.body\r\n\r\n  let user_id: string | undefined = req.params.user_id\r\n  if (user_id === \"self\") user_id = get_current_user_id(res)\r\n\r\n  if (!user_id) throw createHttpError(400, `User ID not provided`)\r\n  if (!date) throw createHttpError(400, `Date not provided`)\r\n\r\n  const entry_properties = {\r\n    user_id,\r\n    date,\r\n    type,\r\n    am,\r\n    pm,\r\n    taken,\r\n    refresh,\r\n    plus_one,\r\n  }\r\n\r\n  const filter = { date, user_id }\r\n  const options = { new: true, upsert: true }\r\n\r\n  const entry = await Entry.findOneAndUpdate(filter, entry_properties, options)\r\n\r\n  res.send(entry)\r\n}\r\n\r\nexport const create_entries = async (req: Request, res: Response) => {\r\n  const entries = req.body\r\n\r\n  if (entries.some(({ user_id }: IEntry) => !user_id))\r\n    throw createHttpError(400, `User ID not provided`)\r\n  if (entries.some(({ date }: IEntry) => !date))\r\n    throw createHttpError(400, `User ID not provided`)\r\n\r\n  const result = await Entry.insertMany(entries)\r\n  res.send(result)\r\n}\r\n\r\nexport const get_single_entry = async (req: Request, res: Response) => {\r\n  const { _id } = req.params\r\n\r\n  if (!_id) throw createHttpError(400, `ID is not provided`)\r\n\r\n  const entry = await Entry.findById(_id)\r\n\r\n  res.send(entry)\r\n}\r\n\r\nexport const get_all_entries = async (req: Request, res: Response) => {\r\n  const {\r\n    year = new Date().getFullYear(),\r\n    start_date,\r\n    end_date,\r\n    user_ids,\r\n    limit = DEFAULT_BATCH_SIZE,\r\n    skip = 0,\r\n  } = req.query as any\r\n\r\n  const start_of_date = start_date\r\n    ? new Date(start_date)\r\n    : new Date(`${year}/01/01`)\r\n  const end_of_date = end_date ? new Date(end_date) : new Date(`${year}/12/31`)\r\n\r\n  const query: any = {\r\n    date: { $gte: start_of_date, $lte: end_of_date },\r\n  }\r\n\r\n  if (user_ids) query.$or = user_ids.map((user_id: string) => ({ user_id }))\r\n\r\n  const entries = await Entry.find(query)\r\n    .skip(Number(skip))\r\n    .limit(Math.max(Number(limit), 0))\r\n\r\n  const total = await Entry.countDocuments(query)\r\n\r\n  const response = {\r\n    start_of_date,\r\n    end_of_date,\r\n    limit,\r\n    skip,\r\n    total,\r\n    entries,\r\n  }\r\n\r\n  res.send(response)\r\n}\r\n\r\nexport const update_entry = async (req: Request, res: Response) => {\r\n  const { _id } = req.params\r\n\r\n  if (!_id) throw createHttpError(400, `ID is not provided`)\r\n\r\n  const result = await Entry.updateOne({ _id }, req.body)\r\n\r\n  res.send(result)\r\n}\r\n\r\nexport const update_entries = async (req: Request, res: Response) => {\r\n  const entries = req.body\r\n\r\n  if (entries.some(({ _id }: IEntry) => !_id))\r\n    throw createHttpError(400, `_id not provided`)\r\n  if (entries.some(({ type }: IEntry) => !type))\r\n    throw createHttpError(400, `type not provided`)\r\n\r\n  const bulkOps = entries.map((entry: IEntry) => {\r\n    const { type } = entry\r\n\r\n    let opts = {\r\n      updateOne: {\r\n        filter: {\r\n          _id: mongoose.Types.ObjectId(entry._id),\r\n        },\r\n        update: {\r\n          $set: {\r\n            type: String(type),\r\n          },\r\n        },\r\n      },\r\n    }\r\n\r\n    return opts\r\n  })\r\n\r\n  // Warning: bulkWrite does not apply validation\r\n  // Could consider using a for loop and updateOne with upsert\r\n  // However, this would seriously impact performance\r\n  const result = await Entry.collection.bulkWrite(bulkOps)\r\n  res.send(result)\r\n}\r\n\r\nexport const delete_entry = async (req: Request, res: Response) => {\r\n  const { _id } = req.params\r\n\r\n  if (!_id) throw createHttpError(400, `ID is not provided`)\r\n\r\n  const result = await Entry.deleteOne({ _id })\r\n  res.send(result)\r\n}\r\n\r\nexport const delete_entries = async (req: Request, res: Response) => {\r\n  const entryIds = req.query.ids as string[]\r\n\r\n  if (!entryIds) throw createHttpError(400, `_id not provided`)\r\n\r\n  const bulkOps = entryIds.map((_id) => ({\r\n    deleteOne: {\r\n      filter: {\r\n        _id: mongoose.Types.ObjectId(_id),\r\n      },\r\n    },\r\n  }))\r\n\r\n  // Warning: bulkWrite does not apply validation\r\n  // Could consider using a for loop and updateOne with upsert\r\n  // However, this would seriously impact performance\r\n  const result = await Entry.collection.bulkWrite(bulkOps)\r\n  res.send(result)\r\n}\r\n\r\nexport const get_entries_of_group = async (req: Request, res: Response) => {\r\n  const { group_id } = req.params\r\n\r\n  const {\r\n    year = new Date().getFullYear(),\r\n    start_date,\r\n    end_date,\r\n    limit = DEFAULT_BATCH_SIZE,\r\n    skip = 0,\r\n  } = req.query as any\r\n\r\n  let users: any[]\r\n  let total_of_users: number\r\n  try {\r\n    const url = `${GROUP_MANAGER_API_URL}/v3/groups/${group_id}/members`\r\n    const headers = { authorization: req.headers.authorization }\r\n    const params = {\r\n      batch_size: limit,\r\n      start_index: skip,\r\n    }\r\n\r\n    const { data } = await axios.get(url, { headers, params })\r\n    const { items, count } = data\r\n    users = items\r\n    total_of_users = count\r\n  } catch (error: any) {\r\n    const {\r\n      response = { status: 500, data: \"Failed to query group members\" },\r\n    } = error\r\n    const { status, data } = response\r\n    throw createHttpError(status, data)\r\n  }\r\n\r\n  const start_of_date = start_date\r\n    ? new Date(start_date)\r\n    : new Date(`${year}/01/01`)\r\n  const end_of_date = end_date ? new Date(end_date) : new Date(`${year}/12/31`)\r\n\r\n  const user_ids = users.map((user: IUser) => ({\r\n    user_id: getUserId(user),\r\n  }))\r\n\r\n  if (!user_ids.length)\r\n    throw createHttpError(404, `Group ${group_id} appears to be empty`)\r\n\r\n  const query = {\r\n    $or: user_ids,\r\n    date: { $gte: start_of_date, $lte: end_of_date },\r\n  }\r\n\r\n  const entries = await Entry.find(query).sort(\"date\")\r\n\r\n  const entries_mapping = entries.reduce((prev: any, entry: IEntry) => {\r\n    const { user_id } = entry\r\n    if (!prev[user_id]) prev[user_id] = []\r\n    prev[user_id].push(entry)\r\n    return prev\r\n  }, {})\r\n\r\n  const output = users.map((user: IUser) => {\r\n    const user_id = getUserId(user)\r\n    if (!user_id) throw \"User has no ID\"\r\n    const entries = entries_mapping[user_id] || []\r\n    // FIXME: Two formats?\r\n    user.entries = entries\r\n    return { user, entries }\r\n  })\r\n\r\n  const response = {\r\n    start_of_date,\r\n    end_of_date,\r\n    limit,\r\n    skip,\r\n    total: total_of_users,\r\n    items: output,\r\n  }\r\n\r\n  res.send(response)\r\n}\r\n"]},"_coverageSchema":"1a1c01bbd47fc00a2c39e90264f33305004495a9","hash":"8ba3f0fc24f59258e7ff1549618cd3efa5003740","contentHash":"f21f35b0aa808100146c5fe67895a12346305f6d203c301fce149f9c73849edb"},"/mnt/ironwolf8tb/moreillon/dev/node/nenkyuu_calendar/models/entry.ts":{"path":"/mnt/ironwolf8tb/moreillon/dev/node/nenkyuu_calendar/models/entry.ts","statementMap":{"0":{"start":{"line":2,"column":0},"end":{"line":2,"column":62}},"1":{"start":{"line":3,"column":19},"end":{"line":3,"column":38}},"2":{"start":{"line":4,"column":15},"end":{"line":13,"column":2}},"3":{"start":{"line":14,"column":0},"end":{"line":14,"column":56}},"4":{"start":{"line":15,"column":0},"end":{"line":15,"column":29}},"5":{"start":{"line":16,"column":0},"end":{"line":16,"column":26}},"6":{"start":{"line":17,"column":14},"end":{"line":17,"column":52}},"7":{"start":{"line":18,"column":0},"end":{"line":18,"column":24}}},"fnMap":{},"branchMap":{},"s":{"0":1,"1":1,"2":1,"3":1,"4":1,"5":1,"6":1,"7":1},"f":{},"b":{},"inputSourceMap":{"version":3,"file":"/mnt/ironwolf8tb/moreillon/dev/node/nenkyuu_calendar/models/entry.ts","sources":["/mnt/ironwolf8tb/moreillon/dev/node/nenkyuu_calendar/models/entry.ts"],"names":[],"mappings":";;AAAA,uCAAwC;AAGxC,MAAM,MAAM,GAAG,IAAI,iBAAM,CAAS;IAChC,IAAI,EAAE,EAAE,IAAI,EAAE,IAAI,EAAE,QAAQ,EAAE,IAAI,EAAE;IACpC,OAAO,EAAE,EAAE,IAAI,EAAE,MAAM,EAAE,QAAQ,EAAE,IAAI,EAAE;IACzC,OAAO,EAAE,MAAM;IAEf,IAAI,EAAE,EAAE,IAAI,EAAE,MAAM,EAAE,QAAQ,EAAE,IAAI,EAAE,OAAO,EAAE,IAAI,EAAE;IAErD,OAAO,EAAE,EAAE,IAAI,EAAE,OAAO,EAAE,OAAO,EAAE,KAAK,EAAE;IAE1C,sCAAsC;IACtC,KAAK,EAAE,EAAE,IAAI,EAAE,OAAO,EAAE,OAAO,EAAE,KAAK,EAAE;IACxC,QAAQ,EAAE,EAAE,IAAI,EAAE,OAAO,EAAE,OAAO,EAAE,KAAK,EAAE;CAC5C,CAAC,CAAA;AAEF,MAAM,CAAC,KAAK,CAAC,EAAE,IAAI,EAAE,CAAC,EAAE,OAAO,EAAE,CAAC,EAAE,EAAE,EAAE,MAAM,EAAE,IAAI,EAAE,CAAC,CAAA;AACvD,MAAM,CAAC,KAAK,CAAC,EAAE,OAAO,EAAE,CAAC,EAAE,CAAC,CAAA;AAC5B,MAAM,CAAC,KAAK,CAAC,EAAE,IAAI,EAAE,CAAC,EAAE,CAAC,CAAA;AAEzB,MAAM,KAAK,GAAG,IAAA,gBAAK,EAAC,OAAO,EAAE,MAAM,CAAC,CAAA;AAEpC,kBAAe,KAAK,CAAA","sourcesContent":["import { Schema, model } from \"mongoose\"\r\nimport IEntry from \"../interfaces/entry\"\r\n\r\nconst schema = new Schema<IEntry>({\r\n  date: { type: Date, required: true },\r\n  user_id: { type: String, required: true },\r\n  comment: String,\r\n\r\n  type: { type: String, required: true, default: \"有休\" }, // All day, morning or afternoon\r\n\r\n  refresh: { type: Boolean, default: false },\r\n\r\n  // Those are probably not used anymore\r\n  taken: { type: Boolean, default: false },\r\n  plus_one: { type: Boolean, default: false },\r\n})\r\n\r\nschema.index({ date: 1, user_id: 1 }, { unique: true })\r\nschema.index({ user_id: 1 })\r\nschema.index({ date: 1 })\r\n\r\nconst Model = model(\"yotei\", schema)\r\n\r\nexport default Model\r\n"]},"_coverageSchema":"1a1c01bbd47fc00a2c39e90264f33305004495a9","hash":"8c45fe295d3db2c41c4c08f5d0e6717605b7d114","contentHash":"3c74d0687bbc0024b44ed6a0b3a248477d901dfa5109a60ed02c254975b7f553"},"/mnt/ironwolf8tb/moreillon/dev/node/nenkyuu_calendar/utils.ts":{"path":"/mnt/ironwolf8tb/moreillon/dev/node/nenkyuu_calendar/utils.ts","statementMap":{"0":{"start":{"line":2,"column":0},"end":{"line":2,"column":62}},"1":{"start":{"line":3,"column":0},"end":{"line":3,"column":27}},"2":{"start":{"line":4,"column":18},"end":{"line":4,"column":128}},"3":{"start":{"line":4,"column":38},"end":{"line":4,"column":126}},"4":{"start":{"line":5,"column":0},"end":{"line":5,"column":30}}},"fnMap":{"0":{"name":"(anonymous_0)","decl":{"start":{"line":4,"column":18},"end":{"line":4,"column":19}},"loc":{"start":{"line":4,"column":28},"end":{"line":4,"column":128}},"line":4}},"branchMap":{"0":{"loc":{"start":{"line":4,"column":45},"end":{"line":4,"column":125}},"type":"binary-expr","locations":[{"start":{"line":4,"column":45},"end":{"line":4,"column":53}},{"start":{"line":4,"column":58},"end":{"line":4,"column":124}}],"line":4},"1":{"loc":{"start":{"line":4,"column":58},"end":{"line":4,"column":124}},"type":"cond-expr","locations":[{"start":{"line":4,"column":109},"end":{"line":4,"column":115}},{"start":{"line":4,"column":118},"end":{"line":4,"column":124}}],"line":4},"2":{"loc":{"start":{"line":4,"column":58},"end":{"line":4,"column":106}},"type":"binary-expr","locations":[{"start":{"line":4,"column":58},"end":{"line":4,"column":89}},{"start":{"line":4,"column":93},"end":{"line":4,"column":106}}],"line":4}},"s":{"0":1,"1":1,"2":1,"3":7,"4":1},"f":{"0":7},"b":{"0":[7,0],"1":[0,0],"2":[0,0]},"inputSourceMap":{"version":3,"file":"/mnt/ironwolf8tb/moreillon/dev/node/nenkyuu_calendar/utils.ts","sources":["/mnt/ironwolf8tb/moreillon/dev/node/nenkyuu_calendar/utils.ts"],"names":[],"mappings":";;;AACO,MAAM,SAAS,GAAG,CAAC,IAAW,EAAE,EAAE,WAAC,OAAA,IAAI,CAAC,GAAG,KAAI,MAAA,IAAI,CAAC,UAAU,0CAAE,GAAG,CAAA,CAAA,EAAA,CAAA;AAA7D,QAAA,SAAS,aAAoD","sourcesContent":["import IUser from \"./interfaces/user\"\r\nexport const getUserId = (user: IUser) => user._id || user.properties?._id\r\n"]},"_coverageSchema":"1a1c01bbd47fc00a2c39e90264f33305004495a9","hash":"df23418145b19de079e8492a1f8c044e56424faf","contentHash":"3edab289b291cf8bd7f97aa040339526735c2d3a4742e26e53138d4ea72227a5"},"/mnt/ironwolf8tb/moreillon/dev/node/nenkyuu_calendar/constants.ts":{"path":"/mnt/ironwolf8tb/moreillon/dev/node/nenkyuu_calendar/constants.ts","statementMap":{"0":{"start":{"line":2,"column":0},"end":{"line":2,"column":62}},"1":{"start":{"line":3,"column":0},"end":{"line":3,"column":59}},"2":{"start":{"line":4,"column":0},"end":{"line":4,"column":33}},"3":{"start":{"line":5,"column":0},"end":{"line":5,"column":33}}},"fnMap":{},"branchMap":{},"s":{"0":1,"1":1,"2":1,"3":1},"f":{},"b":{},"inputSourceMap":{"version":3,"file":"/mnt/ironwolf8tb/moreillon/dev/node/nenkyuu_calendar/constants.ts","sources":["/mnt/ironwolf8tb/moreillon/dev/node/nenkyuu_calendar/constants.ts"],"names":[],"mappings":";;;AAAa,QAAA,YAAY,GAAG,SAAS,CAAC;AACzB,QAAA,kBAAkB,GAAG,GAAG,CAAC","sourcesContent":["export const TOTAL_HEADER = \"X-total\";\nexport const DEFAULT_BATCH_SIZE = 500;\n"]},"_coverageSchema":"1a1c01bbd47fc00a2c39e90264f33305004495a9","hash":"4db4b0dbba7eef4d9518007691170d563c293089","contentHash":"078108f9637661182d879d706375f7130dbbb1496e9366ddf6748167048cd103"}}